#
# There is insufficient memory for the Java Runtime Environment to continue.
# Native memory allocation (malloc) failed to allocate 1048576 bytes for AllocateHeap
# Possible reasons:
#   The system is out of physical RAM or swap space
#   The process is running with CompressedOops enabled, and the Java Heap may be blocking the growth of the native heap
# Possible solutions:
#   Reduce memory load on the system
#   Increase physical memory or swap space
#   Check if swap backing store is full
#   Decrease Java heap size (-Xmx/-Xms)
#   Decrease number of Java threads
#   Decrease Java thread stack sizes (-Xss)
#   Set larger code cache with -XX:ReservedCodeCacheSize=
#   JVM is running with Zero Based Compressed Oops mode in which the Java heap is
#     placed in the first 32GB address space. The Java Heap base address is the
#     maximum limit for the native heap growth. Please use -XX:HeapBaseMinAddress
#     to set the Java Heap base and to place the Java Heap above 32GB virtual address.
# This output file may be truncated or incomplete.
#
#  Out of Memory Error (./src/hotspot/share/memory/allocation.cpp:46), pid=25864, tid=30208
#
# JRE version: OpenJDK Runtime Environment Temurin-11.0.14.1+1 (11.0.14.1+1) (build 11.0.14.1+1)
# Java VM: OpenJDK 64-Bit Server VM Temurin-11.0.14.1+1 (11.0.14.1+1, mixed mode, tiered, compressed oops, g1 gc, windows-amd64)
# No core dump will be written. Minidumps are not enabled by default on client versions of Windows
#

---------------  S U M M A R Y ------------

Command Line: -Dfile.encoding=UTF-8 -Dcom.android.sdklib.toolsdir=C:\Program Files\Unity Hub\Install\2022.3.24f1\Editor\Data\PlaybackEngines\AndroidPlayer\SDK\cmdline-tools\6.0\bin\\.. com.android.sdklib.tool.sdkmanager.SdkManagerCli --list

Host: Intel(R) Core(TM) i5-7400 CPU @ 3.00GHz, 4 cores, 23G,  Windows 10 , 64 bit Build 19041 (10.0.19041.292)
Time: Fri Apr 12 14:00:45 2024 India Standard Time elapsed time: 0.974747 seconds (0d 0h 0m 0s)

---------------  T H R E A D  ---------------

Current thread (0x000001ffd6d8b800):  VMThread "VM Thread" [stack: 0x00000050ca900000,0x00000050caa00000] [id=30208]

Stack: [0x00000050ca900000,0x00000050caa00000]
[error occurred during error reporting (printing stack bounds), id 0xc0000005, EXCEPTION_ACCESS_VIOLATION (0xc0000005) at pc=0x000001ffb6a9112d]

Native frames: (J=compiled Java code, j=interpreted, Vv=VM code, C=native code)
V  [jvm.dll+0x61e59a]
V  [jvm.dll+0x7aaca9]
V  [jvm.dll+0x7ac398]
V  [jvm.dll+0x7ac9d5]
V  [jvm.dll+0x7ac98b]
V  [jvm.dll+0x61d927]
V  [jvm.dll+0x61e038]
C  [ntdll.dll+0xa111f]
C  [ntdll.dll+0x4b474]
C  [ntdll.dll+0x9fc4e]
C  0x000001ffb6a9112d

VM_Operation (0x00000050ca3fcff0): CollectForMetadataAllocation, mode: safepoint, requested by thread 0x000001ffae34d800


---------------  P R O C E S S  ---------------

Threads class SMR info:
_java_thread_list=0x000001ffd6e1d2f0, length=11, elements={
0x000001ffae34d800, 0x000001ffd6d8e800, 0x000001ffd6db8000, 0x000001ffd6dcc000,
0x000001ffd6dcd000, 0x000001ffd6dcf800, 0x000001ffd6e1d800, 0x000001ffd6e24000,
0x000001ffd6e2f800, 0x000001ffd6f8e800, 0x000001ffd7009800
}

Java Threads: ( => current thread )
  0x000001ffae34d800 JavaThread "main" [_thread_blocked, id=27572, stack(0x00000050ca300000,0x00000050ca400000)]
  0x000001ffd6d8e800 JavaThread "Reference Handler" daemon [_thread_blocked, id=30172, stack(0x00000050caa00000,0x00000050cab00000)]
  0x000001ffd6db8000 JavaThread "Finalizer" daemon [_thread_blocked, id=28432, stack(0x00000050cab00000,0x00000050cac00000)]
  0x000001ffd6dcc000 JavaThread "Signal Dispatcher" daemon [_thread_blocked, id=5740, stack(0x00000050cac00000,0x00000050cad00000)]
  0x000001ffd6dcd000 JavaThread "Attach Listener" daemon [_thread_blocked, id=25524, stack(0x00000050cad00000,0x00000050cae00000)]
  0x000001ffd6dcf800 JavaThread "Service Thread" daemon [_thread_blocked, id=26464, stack(0x00000050cae00000,0x00000050caf00000)]
  0x000001ffd6e1d800 JavaThread "C2 CompilerThread0" daemon [_thread_blocked, id=27528, stack(0x00000050caf00000,0x00000050cb000000)]
  0x000001ffd6e24000 JavaThread "C1 CompilerThread0" daemon [_thread_blocked, id=29896, stack(0x00000050cb000000,0x00000050cb100000)]
  0x000001ffd6e2f800 JavaThread "Sweeper thread" daemon [_thread_blocked, id=2820, stack(0x00000050cb100000,0x00000050cb200000)]
  0x000001ffd6f8e800 JavaThread "Common-Cleaner" daemon [_thread_blocked, id=22212, stack(0x00000050cb300000,0x00000050cb400000)]
  0x000001ffd7009800 JavaThread "C2 CompilerThread1" daemon [_thread_blocked, id=30200, stack(0x00000050cb400000,0x00000050cb500000)]

Other Threads:
=>0x000001ffd6d8b800 VMThread "VM Thread" [stack: 0x00000050ca900000,0x00000050caa00000] [id=30208]
  0x000001ffd6f7f800 WatcherThread [stack: 0x00000050cb200000,0x00000050cb300000] [id=16056]
  0x000001ffae365800 GCTaskThread "GC Thread#0" [stack: 0x00000050ca400000,0x00000050ca500000] [id=30076]
  0x000001ffd75b3800 GCTaskThread "GC Thread#1" [stack: 0x00000050cb500000,0x00000050cb600000] [id=27508]
  0x000001ffd75b4000 GCTaskThread "GC Thread#2" [stack: 0x00000050cb600000,0x00000050cb700000] [id=18276]
  0x000001ffd75b9000 GCTaskThread "GC Thread#3" [stack: 0x00000050cb700000,0x00000050cb800000] [id=5284]
  0x000001ffae3ed800 ConcurrentGCThread "G1 Main Marker" [stack: 0x00000050ca500000,0x00000050ca600000] [id=6744]
  0x000001ffae3ef800 ConcurrentGCThread "G1 Conc#0" [stack: 0x00000050ca600000,0x00000050ca700000] [id=30108]
  0x000001ffd63f3000 ConcurrentGCThread "G1 Refine#0" [stack: 0x00000050ca700000,0x00000050ca800000] [id=30168]
  0x000001ffd63f4000 ConcurrentGCThread "G1 Young RemSet Sampling" [stack: 0x00000050ca800000,0x00000050ca900000] [id=30224]

Threads with active compile tasks:
C2 CompilerThread0    985 1627       4       com.sun.org.apache.xerces.internal.util.SymbolTable::hash (53 bytes)
C2 CompilerThread1    985 1625       4       com.sun.org.apache.xerces.internal.utils.XMLSecurityManager::isOverLimit (111 bytes)

VM state:at safepoint (normal execution)

VM Mutex/Monitor currently owned by a thread:  ([mutex/lock_event])
[0x000001ffae34b140] Threads_lock - owner thread: 0x000001ffd6d8b800
[0x000001ffae349880] Heap_lock - owner thread: 0x000001ffae34d800

Heap address: 0x0000000680a00000, size: 6134 MB, Compressed Oops mode: Zero based, Oop shift amount: 3
Narrow klass base: 0x0000000800000000, Narrow klass shift: 0
Compressed class space size: 1073741824 Address: 0x0000000800000000

Heap:
 garbage-first heap   total 393216K, used 4463K [0x0000000680a00000, 0x0000000800000000)
  region size 1024K, 5 young (5120K), 5 survivors (5120K)
 Metaspace       used 16622K, capacity 16806K, committed 16896K, reserved 1073152K
  class space    used 1649K, capacity 1737K, committed 1792K, reserved 1048576K
Heap Regions: E=young(eden), S=young(survivor), O=old, HS=humongous(starts), HC=humongous(continues), CS=collection set, F=free, A=archive, TAMS=top-at-mark-start (previous, next)
|   0|0x0000000680a00000, 0x0000000680a00000, 0x0000000680b00000|  0%| F|  |TAMS 0x0000000680a00000, 0x0000000680a00000| Untracked 
|   1|0x0000000680b00000, 0x0000000680b00000, 0x0000000680c00000|  0%| F|  |TAMS 0x0000000680b00000, 0x0000000680b00000| Untracked 
|   2|0x0000000680c00000, 0x0000000680c00000, 0x0000000680d00000|  0%| F|  |TAMS 0x0000000680c00000, 0x0000000680c00000| Untracked 
|   3|0x0000000680d00000, 0x0000000680d00000, 0x0000000680e00000|  0%| F|  |TAMS 0x0000000680d00000, 0x0000000680d00000| Untracked 
|   4|0x0000000680e00000, 0x0000000680e00000, 0x0000000680f00000|  0%| F|  |TAMS 0x0000000680e00000, 0x0000000680e00000| Untracked 
|   5|0x0000000680f00000, 0x0000000680f00000, 0x0000000681000000|  0%| F|  |TAMS 0x0000000680f00000, 0x0000000680f00000| Untracked 
|   6|0x0000000681000000, 0x0000000681000000, 0x0000000681100000|  0%| F|  |TAMS 0x0000000681000000, 0x0000000681000000| Untracked 
|   7|0x0000000681100000, 0x0000000681100000, 0x0000000681200000|  0%| F|  |TAMS 0x0000000681100000, 0x0000000681100000| Untracked 
|   8|0x0000000681200000, 0x0000000681200000, 0x0000000681300000|  0%| F|  |TAMS 0x0000000681200000, 0x0000000681200000| Untracked 
|   9|0x0000000681300000, 0x0000000681300000, 0x0000000681400000|  0%| F|  |TAMS 0x0000000681300000, 0x0000000681300000| Untracked 
|  10|0x0000000681400000, 0x0000000681400000, 0x0000000681500000|  0%| F|  |TAMS 0x0000000681400000, 0x0000000681400000| Untracked 
|  11|0x0000000681500000, 0x0000000681500000, 0x0000000681600000|  0%| F|  |TAMS 0x0000000681500000, 0x0000000681500000| Untracked 
|  12|0x0000000681600000, 0x0000000681600000, 0x0000000681700000|  0%| F|  |TAMS 0x0000000681600000, 0x0000000681600000| Untracked 
|  13|0x0000000681700000, 0x0000000681700000, 0x0000000681800000|  0%| F|  |TAMS 0x0000000681700000, 0x0000000681700000| Untracked 
|  14|0x0000000681800000, 0x0000000681800000, 0x0000000681900000|  0%| F|  |TAMS 0x0000000681800000, 0x0000000681800000| Untracked 
|  15|0x0000000681900000, 0x0000000681900000, 0x0000000681a00000|  0%| F|  |TAMS 0x0000000681900000, 0x0000000681900000| Untracked 
|  16|0x0000000681a00000, 0x0000000681a00000, 0x0000000681b00000|  0%| F|  |TAMS 0x0000000681a00000, 0x0000000681a00000| Untracked 
|  17|0x0000000681b00000, 0x0000000681b00000, 0x0000000681c00000|  0%| F|  |TAMS 0x0000000681b00000, 0x0000000681b00000| Untracked 
|  18|0x0000000681c00000, 0x0000000681c00000, 0x0000000681d00000|  0%| F|  |TAMS 0x0000000681c00000, 0x0000000681c00000| Untracked 
|  19|0x0000000681d00000, 0x0000000681d00000, 0x0000000681e00000|  0%| F|  |TAMS 0x0000000681d00000, 0x0000000681d00000| Untracked 
|  20|0x0000000681e00000, 0x0000000681e00000, 0x0000000681f00000|  0%| F|  |TAMS 0x0000000681e00000, 0x0000000681e00000| Untracked 
|  21|0x0000000681f00000, 0x0000000681f00000, 0x0000000682000000|  0%| F|  |TAMS 0x0000000681f00000, 0x0000000681f00000| Untracked 
|  22|0x0000000682000000, 0x0000000682000000, 0x0000000682100000|  0%| F|  |TAMS 0x0000000682000000, 0x0000000682000000| Untracked 
|  23|0x0000000682100000, 0x0000000682100000, 0x0000000682200000|  0%| F|  |TAMS 0x0000000682100000, 0x0000000682100000| Untracked 
|  24|0x0000000682200000, 0x0000000682200000, 0x0000000682300000|  0%| F|  |TAMS 0x0000000682200000, 0x0000000682200000| Untracked 
|  25|0x0000000682300000, 0x0000000682300000, 0x0000000682400000|  0%| F|  |TAMS 0x0000000682300000, 0x0000000682300000| Untracked 
|  26|0x0000000682400000, 0x0000000682400000, 0x0000000682500000|  0%| F|  |TAMS 0x0000000682400000, 0x0000000682400000| Untracked 
|  27|0x0000000682500000, 0x0000000682500000, 0x0000000682600000|  0%| F|  |TAMS 0x0000000682500000, 0x0000000682500000| Untracked 
|  28|0x0000000682600000, 0x0000000682600000, 0x0000000682700000|  0%| F|  |TAMS 0x0000000682600000, 0x0000000682600000| Untracked 
|  29|0x0000000682700000, 0x0000000682700000, 0x0000000682800000|  0%| F|  |TAMS 0x0000000682700000, 0x0000000682700000| Untracked 
|  30|0x0000000682800000, 0x0000000682800000, 0x0000000682900000|  0%| F|  |TAMS 0x0000000682800000, 0x0000000682800000| Untracked 
|  31|0x0000000682900000, 0x0000000682900000, 0x0000000682a00000|  0%| F|  |TAMS 0x0000000682900000, 0x0000000682900000| Untracked 
|  32|0x0000000682a00000, 0x0000000682a00000, 0x0000000682b00000|  0%| F|  |TAMS 0x0000000682a00000, 0x0000000682a00000| Untracked 
|  33|0x0000000682b00000, 0x0000000682b00000, 0x0000000682c00000|  0%| F|  |TAMS 0x0000000682b00000, 0x0000000682b00000| Untracked 
|  34|0x0000000682c00000, 0x0000000682c00000, 0x0000000682d00000|  0%| F|  |TAMS 0x0000000682c00000, 0x0000000682c00000| Untracked 
|  35|0x0000000682d00000, 0x0000000682d00000, 0x0000000682e00000|  0%| F|  |TAMS 0x0000000682d00000, 0x0000000682d00000| Untracked 
|  36|0x0000000682e00000, 0x0000000682e00000, 0x0000000682f00000|  0%| F|  |TAMS 0x0000000682e00000, 0x0000000682e00000| Untracked 
|  37|0x0000000682f00000, 0x0000000682f00000, 0x0000000683000000|  0%| F|  |TAMS 0x0000000682f00000, 0x0000000682f00000| Untracked 
|  38|0x0000000683000000, 0x0000000683000000, 0x0000000683100000|  0%| F|  |TAMS 0x0000000683000000, 0x0000000683000000| Untracked 
|  39|0x0000000683100000, 0x0000000683100000, 0x0000000683200000|  0%| F|  |TAMS 0x0000000683100000, 0x0000000683100000| Untracked 
|  40|0x0000000683200000, 0x0000000683200000, 0x0000000683300000|  0%| F|  |TAMS 0x0000000683200000, 0x0000000683200000| Untracked 
|  41|0x0000000683300000, 0x0000000683300000, 0x0000000683400000|  0%| F|  |TAMS 0x0000000683300000, 0x0000000683300000| Untracked 
|  42|0x0000000683400000, 0x0000000683400000, 0x0000000683500000|  0%| F|  |TAMS 0x0000000683400000, 0x0000000683400000| Untracked 
|  43|0x0000000683500000, 0x0000000683500000, 0x0000000683600000|  0%| F|  |TAMS 0x0000000683500000, 0x0000000683500000| Untracked 
|  44|0x0000000683600000, 0x0000000683600000, 0x0000000683700000|  0%| F|  |TAMS 0x0000000683600000, 0x0000000683600000| Untracked 
|  45|0x0000000683700000, 0x0000000683700000, 0x0000000683800000|  0%| F|  |TAMS 0x0000000683700000, 0x0000000683700000| Untracked 
|  46|0x0000000683800000, 0x0000000683800000, 0x0000000683900000|  0%| F|  |TAMS 0x0000000683800000, 0x0000000683800000| Untracked 
|  47|0x0000000683900000, 0x0000000683900000, 0x0000000683a00000|  0%| F|  |TAMS 0x0000000683900000, 0x0000000683900000| Untracked 
|  48|0x0000000683a00000, 0x0000000683a00000, 0x0000000683b00000|  0%| F|  |TAMS 0x0000000683a00000, 0x0000000683a00000| Untracked 
|  49|0x0000000683b00000, 0x0000000683b00000, 0x0000000683c00000|  0%| F|  |TAMS 0x0000000683b00000, 0x0000000683b00000| Untracked 
|  50|0x0000000683c00000, 0x0000000683c00000, 0x0000000683d00000|  0%| F|  |TAMS 0x0000000683c00000, 0x0000000683c00000| Untracked 
|  51|0x0000000683d00000, 0x0000000683d00000, 0x0000000683e00000|  0%| F|  |TAMS 0x0000000683d00000, 0x0000000683d00000| Untracked 
|  52|0x0000000683e00000, 0x0000000683e00000, 0x0000000683f00000|  0%| F|  |TAMS 0x0000000683e00000, 0x0000000683e00000| Untracked 
|  53|0x0000000683f00000, 0x0000000683f00000, 0x0000000684000000|  0%| F|  |TAMS 0x0000000683f00000, 0x0000000683f00000| Untracked 
|  54|0x0000000684000000, 0x0000000684000000, 0x0000000684100000|  0%| F|  |TAMS 0x0000000684000000, 0x0000000684000000| Untracked 
|  55|0x0000000684100000, 0x0000000684100000, 0x0000000684200000|  0%| F|  |TAMS 0x0000000684100000, 0x0000000684100000| Untracked 
|  56|0x0000000684200000, 0x0000000684200000, 0x0000000684300000|  0%| F|  |TAMS 0x0000000684200000, 0x0000000684200000| Untracked 
|  57|0x0000000684300000, 0x0000000684300000, 0x0000000684400000|  0%| F|  |TAMS 0x0000000684300000, 0x0000000684300000| Untracked 
|  58|0x0000000684400000, 0x0000000684400000, 0x0000000684500000|  0%| F|  |TAMS 0x0000000684400000, 0x0000000684400000| Untracked 
|  59|0x0000000684500000, 0x0000000684500000, 0x0000000684600000|  0%| F|  |TAMS 0x0000000684500000, 0x0000000684500000| Untracked 
|  60|0x0000000684600000, 0x0000000684600000, 0x0000000684700000|  0%| F|  |TAMS 0x0000000684600000, 0x0000000684600000| Untracked 
|  61|0x0000000684700000, 0x0000000684700000, 0x0000000684800000|  0%| F|  |TAMS 0x0000000684700000, 0x0000000684700000| Untracked 
|  62|0x0000000684800000, 0x0000000684800000, 0x0000000684900000|  0%| F|  |TAMS 0x0000000684800000, 0x0000000684800000| Untracked 
|  63|0x0000000684900000, 0x0000000684900000, 0x0000000684a00000|  0%| F|  |TAMS 0x0000000684900000, 0x0000000684900000| Untracked 
|  64|0x0000000684a00000, 0x0000000684a00000, 0x0000000684b00000|  0%| F|  |TAMS 0x0000000684a00000, 0x0000000684a00000| Untracked 
|  65|0x0000000684b00000, 0x0000000684b00000, 0x0000000684c00000|  0%| F|  |TAMS 0x0000000684b00000, 0x0000000684b00000| Untracked 
|  66|0x0000000684c00000, 0x0000000684c00000, 0x0000000684d00000|  0%| F|  |TAMS 0x0000000684c00000, 0x0000000684c00000| Untracked 
|  67|0x0000000684d00000, 0x0000000684d00000, 0x0000000684e00000|  0%| F|  |TAMS 0x0000000684d00000, 0x0000000684d00000| Untracked 
|  68|0x0000000684e00000, 0x0000000684e00000, 0x0000000684f00000|  0%| F|  |TAMS 0x0000000684e00000, 0x0000000684e00000| Untracked 
|  69|0x0000000684f00000, 0x0000000684f00000, 0x0000000685000000|  0%| F|  |TAMS 0x0000000684f00000, 0x0000000684f00000| Untracked 
|  70|0x0000000685000000, 0x0000000685000000, 0x0000000685100000|  0%| F|  |TAMS 0x0000000685000000, 0x0000000685000000| Untracked 
|  71|0x0000000685100000, 0x0000000685100000, 0x0000000685200000|  0%| F|  |TAMS 0x0000000685100000, 0x0000000685100000| Untracked 
|  72|0x0000000685200000, 0x0000000685200000, 0x0000000685300000|  0%| F|  |TAMS 0x0000000685200000, 0x0000000685200000| Untracked 
|  73|0x0000000685300000, 0x0000000685300000, 0x0000000685400000|  0%| F|  |TAMS 0x0000000685300000, 0x0000000685300000| Untracked 
|  74|0x0000000685400000, 0x0000000685400000, 0x0000000685500000|  0%| F|  |TAMS 0x0000000685400000, 0x0000000685400000| Untracked 
|  75|0x0000000685500000, 0x0000000685500000, 0x0000000685600000|  0%| F|  |TAMS 0x0000000685500000, 0x0000000685500000| Untracked 
|  76|0x0000000685600000, 0x0000000685600000, 0x0000000685700000|  0%| F|  |TAMS 0x0000000685600000, 0x0000000685600000| Untracked 
|  77|0x0000000685700000, 0x0000000685700000, 0x0000000685800000|  0%| F|  |TAMS 0x0000000685700000, 0x0000000685700000| Untracked 
|  78|0x0000000685800000, 0x0000000685800000, 0x0000000685900000|  0%| F|  |TAMS 0x0000000685800000, 0x0000000685800000| Untracked 
|  79|0x0000000685900000, 0x0000000685900000, 0x0000000685a00000|  0%| F|  |TAMS 0x0000000685900000, 0x0000000685900000| Untracked 
|  80|0x0000000685a00000, 0x0000000685a00000, 0x0000000685b00000|  0%| F|  |TAMS 0x0000000685a00000, 0x0000000685a00000| Untracked 
|  81|0x0000000685b00000, 0x0000000685b00000, 0x0000000685c00000|  0%| F|  |TAMS 0x0000000685b00000, 0x0000000685b00000| Untracked 
|  82|0x0000000685c00000, 0x0000000685c00000, 0x0000000685d00000|  0%| F|  |TAMS 0x0000000685c00000, 0x0000000685c00000| Untracked 
|  83|0x0000000685d00000, 0x0000000685d00000, 0x0000000685e00000|  0%| F|  |TAMS 0x0000000685d00000, 0x0000000685d00000| Untracked 
|  84|0x0000000685e00000, 0x0000000685e00000, 0x0000000685f00000|  0%| F|  |TAMS 0x0000000685e00000, 0x0000000685e00000| Untracked 
|  85|0x0000000685f00000, 0x0000000685f00000, 0x0000000686000000|  0%| F|  |TAMS 0x0000000685f00000, 0x0000000685f00000| Untracked 
|  86|0x0000000686000000, 0x0000000686000000, 0x0000000686100000|  0%| F|  |TAMS 0x0000000686000000, 0x0000000686000000| Untracked 
|  87|0x0000000686100000, 0x0000000686100000, 0x0000000686200000|  0%| F|  |TAMS 0x0000000686100000, 0x0000000686100000| Untracked 
|  88|0x0000000686200000, 0x0000000686200000, 0x0000000686300000|  0%| F|  |TAMS 0x0000000686200000, 0x0000000686200000| Untracked 
|  89|0x0000000686300000, 0x0000000686300000, 0x0000000686400000|  0%| F|  |TAMS 0x0000000686300000, 0x0000000686300000| Untracked 
|  90|0x0000000686400000, 0x0000000686400000, 0x0000000686500000|  0%| F|  |TAMS 0x0000000686400000, 0x0000000686400000| Untracked 
|  91|0x0000000686500000, 0x0000000686500000, 0x0000000686600000|  0%| F|  |TAMS 0x0000000686500000, 0x0000000686500000| Untracked 
|  92|0x0000000686600000, 0x0000000686600000, 0x0000000686700000|  0%| F|  |TAMS 0x0000000686600000, 0x0000000686600000| Untracked 
|  93|0x0000000686700000, 0x0000000686700000, 0x0000000686800000|  0%| F|  |TAMS 0x0000000686700000, 0x0000000686700000| Untracked 
|  94|0x0000000686800000, 0x0000000686800000, 0x0000000686900000|  0%| F|  |TAMS 0x0000000686800000, 0x0000000686800000| Untracked 
|  95|0x0000000686900000, 0x0000000686900000, 0x0000000686a00000|  0%| F|  |TAMS 0x0000000686900000, 0x0000000686900000| Untracked 
|  96|0x0000000686a00000, 0x0000000686a00000, 0x0000000686b00000|  0%| F|  |TAMS 0x0000000686a00000, 0x0000000686a00000| Untracked 
|  97|0x0000000686b00000, 0x0000000686b00000, 0x0000000686c00000|  0%| F|  |TAMS 0x0000000686b00000, 0x0000000686b00000| Untracked 
|  98|0x0000000686c00000, 0x0000000686c00000, 0x0000000686d00000|  0%| F|  |TAMS 0x0000000686c00000, 0x0000000686c00000| Untracked 
|  99|0x0000000686d00000, 0x0000000686d00000, 0x0000000686e00000|  0%| F|  |TAMS 0x0000000686d00000, 0x0000000686d00000| Untracked 
| 100|0x0000000686e00000, 0x0000000686e00000, 0x0000000686f00000|  0%| F|  |TAMS 0x0000000686e00000, 0x0000000686e00000| Untracked 
| 101|0x0000000686f00000, 0x0000000686f00000, 0x0000000687000000|  0%| F|  |TAMS 0x0000000686f00000, 0x0000000686f00000| Untracked 
| 102|0x0000000687000000, 0x0000000687000000, 0x0000000687100000|  0%| F|  |TAMS 0x0000000687000000, 0x0000000687000000| Untracked 
| 103|0x0000000687100000, 0x0000000687100000, 0x0000000687200000|  0%| F|  |TAMS 0x0000000687100000, 0x0000000687100000| Untracked 
| 104|0x0000000687200000, 0x0000000687200000, 0x0000000687300000|  0%| F|  |TAMS 0x0000000687200000, 0x0000000687200000| Untracked 
| 105|0x0000000687300000, 0x0000000687300000, 0x0000000687400000|  0%| F|  |TAMS 0x0000000687300000, 0x0000000687300000| Untracked 
| 106|0x0000000687400000, 0x0000000687400000, 0x0000000687500000|  0%| F|  |TAMS 0x0000000687400000, 0x0000000687400000| Untracked 
| 107|0x0000000687500000, 0x0000000687500000, 0x0000000687600000|  0%| F|  |TAMS 0x0000000687500000, 0x0000000687500000| Untracked 
| 108|0x0000000687600000, 0x0000000687600000, 0x0000000687700000|  0%| F|  |TAMS 0x0000000687600000, 0x0000000687600000| Untracked 
| 109|0x0000000687700000, 0x0000000687700000, 0x0000000687800000|  0%| F|  |TAMS 0x0000000687700000, 0x0000000687700000| Untracked 
| 110|0x0000000687800000, 0x0000000687800000, 0x0000000687900000|  0%| F|  |TAMS 0x0000000687800000, 0x0000000687800000| Untracked 
| 111|0x0000000687900000, 0x0000000687900000, 0x0000000687a00000|  0%| F|  |TAMS 0x0000000687900000, 0x0000000687900000| Untracked 
| 112|0x0000000687a00000, 0x0000000687a00000, 0x0000000687b00000|  0%| F|  |TAMS 0x0000000687a00000, 0x0000000687a00000| Untracked 
| 113|0x0000000687b00000, 0x0000000687b00000, 0x0000000687c00000|  0%| F|  |TAMS 0x0000000687b00000, 0x0000000687b00000| Untracked 
| 114|0x0000000687c00000, 0x0000000687c00000, 0x0000000687d00000|  0%| F|  |TAMS 0x0000000687c00000, 0x0000000687c00000| Untracked 
| 115|0x0000000687d00000, 0x0000000687d00000, 0x0000000687e00000|  0%| F|  |TAMS 0x0000000687d00000, 0x0000000687d00000| Untracked 
| 116|0x0000000687e00000, 0x0000000687e00000, 0x0000000687f00000|  0%| F|  |TAMS 0x0000000687e00000, 0x0000000687e00000| Untracked 
| 117|0x0000000687f00000, 0x0000000687f00000, 0x0000000688000000|  0%| F|  |TAMS 0x0000000687f00000, 0x0000000687f00000| Untracked 
| 118|0x0000000688000000, 0x0000000688000000, 0x0000000688100000|  0%| F|  |TAMS 0x0000000688000000, 0x0000000688000000| Untracked 
| 119|0x0000000688100000, 0x0000000688100000, 0x0000000688200000|  0%| F|  |TAMS 0x0000000688100000, 0x0000000688100000| Untracked 
| 120|0x0000000688200000, 0x0000000688200000, 0x0000000688300000|  0%| F|  |TAMS 0x0000000688200000, 0x0000000688200000| Untracked 
| 121|0x0000000688300000, 0x0000000688300000, 0x0000000688400000|  0%| F|  |TAMS 0x0000000688300000, 0x0000000688300000| Untracked 
| 122|0x0000000688400000, 0x0000000688400000, 0x0000000688500000|  0%| F|  |TAMS 0x0000000688400000, 0x0000000688400000| Untracked 
| 123|0x0000000688500000, 0x0000000688500000, 0x0000000688600000|  0%| F|  |TAMS 0x0000000688500000, 0x0000000688500000| Untracked 
| 124|0x0000000688600000, 0x0000000688600000, 0x0000000688700000|  0%| F|  |TAMS 0x0000000688600000, 0x0000000688600000| Untracked 
| 125|0x0000000688700000, 0x0000000688700000, 0x0000000688800000|  0%| F|  |TAMS 0x0000000688700000, 0x0000000688700000| Untracked 
| 126|0x0000000688800000, 0x0000000688800000, 0x0000000688900000|  0%| F|  |TAMS 0x0000000688800000, 0x0000000688800000| Untracked 
| 127|0x0000000688900000, 0x0000000688900000, 0x0000000688a00000|  0%| F|  |TAMS 0x0000000688900000, 0x0000000688900000| Untracked 
| 128|0x0000000688a00000, 0x0000000688a00000, 0x0000000688b00000|  0%| F|  |TAMS 0x0000000688a00000, 0x0000000688a00000| Untracked 
| 129|0x0000000688b00000, 0x0000000688b00000, 0x0000000688c00000|  0%| F|  |TAMS 0x0000000688b00000, 0x0000000688b00000| Untracked 
| 130|0x0000000688c00000, 0x0000000688c00000, 0x0000000688d00000|  0%| F|  |TAMS 0x0000000688c00000, 0x0000000688c00000| Untracked 
| 131|0x0000000688d00000, 0x0000000688d00000, 0x0000000688e00000|  0%| F|  |TAMS 0x0000000688d00000, 0x0000000688d00000| Untracked 
| 132|0x0000000688e00000, 0x0000000688e00000, 0x0000000688f00000|  0%| F|  |TAMS 0x0000000688e00000, 0x0000000688e00000| Untracked 
| 133|0x0000000688f00000, 0x0000000688f00000, 0x0000000689000000|  0%| F|  |TAMS 0x0000000688f00000, 0x0000000688f00000| Untracked 
| 134|0x0000000689000000, 0x0000000689000000, 0x0000000689100000|  0%| F|  |TAMS 0x0000000689000000, 0x0000000689000000| Untracked 
| 135|0x0000000689100000, 0x0000000689100000, 0x0000000689200000|  0%| F|  |TAMS 0x0000000689100000, 0x0000000689100000| Untracked 
| 136|0x0000000689200000, 0x0000000689200000, 0x0000000689300000|  0%| F|  |TAMS 0x0000000689200000, 0x0000000689200000| Untracked 
| 137|0x0000000689300000, 0x0000000689300000, 0x0000000689400000|  0%| F|  |TAMS 0x0000000689300000, 0x0000000689300000| Untracked 
| 138|0x0000000689400000, 0x0000000689400000, 0x0000000689500000|  0%| F|  |TAMS 0x0000000689400000, 0x0000000689400000| Untracked 
| 139|0x0000000689500000, 0x0000000689500000, 0x0000000689600000|  0%| F|  |TAMS 0x0000000689500000, 0x0000000689500000| Untracked 
| 140|0x0000000689600000, 0x0000000689600000, 0x0000000689700000|  0%| F|  |TAMS 0x0000000689600000, 0x0000000689600000| Untracked 
| 141|0x0000000689700000, 0x0000000689700000, 0x0000000689800000|  0%| F|  |TAMS 0x0000000689700000, 0x0000000689700000| Untracked 
| 142|0x0000000689800000, 0x0000000689800000, 0x0000000689900000|  0%| F|  |TAMS 0x0000000689800000, 0x0000000689800000| Untracked 
| 143|0x0000000689900000, 0x0000000689900000, 0x0000000689a00000|  0%| F|  |TAMS 0x0000000689900000, 0x0000000689900000| Untracked 
| 144|0x0000000689a00000, 0x0000000689a00000, 0x0000000689b00000|  0%| F|  |TAMS 0x0000000689a00000, 0x0000000689a00000| Untracked 
| 145|0x0000000689b00000, 0x0000000689b00000, 0x0000000689c00000|  0%| F|  |TAMS 0x0000000689b00000, 0x0000000689b00000| Untracked 
| 146|0x0000000689c00000, 0x0000000689c00000, 0x0000000689d00000|  0%| F|  |TAMS 0x0000000689c00000, 0x0000000689c00000| Untracked 
| 147|0x0000000689d00000, 0x0000000689d00000, 0x0000000689e00000|  0%| F|  |TAMS 0x0000000689d00000, 0x0000000689d00000| Untracked 
| 148|0x0000000689e00000, 0x0000000689e00000, 0x0000000689f00000|  0%| F|  |TAMS 0x0000000689e00000, 0x0000000689e00000| Untracked 
| 149|0x0000000689f00000, 0x0000000689f00000, 0x000000068a000000|  0%| F|  |TAMS 0x0000000689f00000, 0x0000000689f00000| Untracked 
| 150|0x000000068a000000, 0x000000068a000000, 0x000000068a100000|  0%| F|  |TAMS 0x000000068a000000, 0x000000068a000000| Untracked 
| 151|0x000000068a100000, 0x000000068a100000, 0x000000068a200000|  0%| F|  |TAMS 0x000000068a100000, 0x000000068a100000| Untracked 
| 152|0x000000068a200000, 0x000000068a200000, 0x000000068a300000|  0%| F|  |TAMS 0x000000068a200000, 0x000000068a200000| Untracked 
| 153|0x000000068a300000, 0x000000068a300000, 0x000000068a400000|  0%| F|  |TAMS 0x000000068a300000, 0x000000068a300000| Untracked 
| 154|0x000000068a400000, 0x000000068a400000, 0x000000068a500000|  0%| F|  |TAMS 0x000000068a400000, 0x000000068a400000| Untracked 
| 155|0x000000068a500000, 0x000000068a500000, 0x000000068a600000|  0%| F|  |TAMS 0x000000068a500000, 0x000000068a500000| Untracked 
| 156|0x000000068a600000, 0x000000068a600000, 0x000000068a700000|  0%| F|  |TAMS 0x000000068a600000, 0x000000068a600000| Untracked 
| 157|0x000000068a700000, 0x000000068a700000, 0x000000068a800000|  0%| F|  |TAMS 0x000000068a700000, 0x000000068a700000| Untracked 
| 158|0x000000068a800000, 0x000000068a800000, 0x000000068a900000|  0%| F|  |TAMS 0x000000068a800000, 0x000000068a800000| Untracked 
| 159|0x000000068a900000, 0x000000068a900000, 0x000000068aa00000|  0%| F|  |TAMS 0x000000068a900000, 0x000000068a900000| Untracked 
| 160|0x000000068aa00000, 0x000000068aa00000, 0x000000068ab00000|  0%| F|  |TAMS 0x000000068aa00000, 0x000000068aa00000| Untracked 
| 161|0x000000068ab00000, 0x000000068ab00000, 0x000000068ac00000|  0%| F|  |TAMS 0x000000068ab00000, 0x000000068ab00000| Untracked 
| 162|0x000000068ac00000, 0x000000068ac00000, 0x000000068ad00000|  0%| F|  |TAMS 0x000000068ac00000, 0x000000068ac00000| Untracked 
| 163|0x000000068ad00000, 0x000000068ad00000, 0x000000068ae00000|  0%| F|  |TAMS 0x000000068ad00000, 0x000000068ad00000| Untracked 
| 164|0x000000068ae00000, 0x000000068ae00000, 0x000000068af00000|  0%| F|  |TAMS 0x000000068ae00000, 0x000000068ae00000| Untracked 
| 165|0x000000068af00000, 0x000000068af00000, 0x000000068b000000|  0%| F|  |TAMS 0x000000068af00000, 0x000000068af00000| Untracked 
| 166|0x000000068b000000, 0x000000068b000000, 0x000000068b100000|  0%| F|  |TAMS 0x000000068b000000, 0x000000068b000000| Untracked 
| 167|0x000000068b100000, 0x000000068b100000, 0x000000068b200000|  0%| F|  |TAMS 0x000000068b100000, 0x000000068b100000| Untracked 
| 168|0x000000068b200000, 0x000000068b200000, 0x000000068b300000|  0%| F|  |TAMS 0x000000068b200000, 0x000000068b200000| Untracked 
| 169|0x000000068b300000, 0x000000068b300000, 0x000000068b400000|  0%| F|  |TAMS 0x000000068b300000, 0x000000068b300000| Untracked 
| 170|0x000000068b400000, 0x000000068b400000, 0x000000068b500000|  0%| F|  |TAMS 0x000000068b400000, 0x000000068b400000| Untracked 
| 171|0x000000068b500000, 0x000000068b500000, 0x000000068b600000|  0%| F|  |TAMS 0x000000068b500000, 0x000000068b500000| Untracked 
| 172|0x000000068b600000, 0x000000068b600000, 0x000000068b700000|  0%| F|  |TAMS 0x000000068b600000, 0x000000068b600000| Untracked 
| 173|0x000000068b700000, 0x000000068b700000, 0x000000068b800000|  0%| F|  |TAMS 0x000000068b700000, 0x000000068b700000| Untracked 
| 174|0x000000068b800000, 0x000000068b800000, 0x000000068b900000|  0%| F|  |TAMS 0x000000068b800000, 0x000000068b800000| Untracked 
| 175|0x000000068b900000, 0x000000068b900000, 0x000000068ba00000|  0%| F|  |TAMS 0x000000068b900000, 0x000000068b900000| Untracked 
| 176|0x000000068ba00000, 0x000000068ba00000, 0x000000068bb00000|  0%| F|  |TAMS 0x000000068ba00000, 0x000000068ba00000| Untracked 
| 177|0x000000068bb00000, 0x000000068bb00000, 0x000000068bc00000|  0%| F|  |TAMS 0x000000068bb00000, 0x000000068bb00000| Untracked 
| 178|0x000000068bc00000, 0x000000068bc00000, 0x000000068bd00000|  0%| F|  |TAMS 0x000000068bc00000, 0x000000068bc00000| Untracked 
| 179|0x000000068bd00000, 0x000000068bd00000, 0x000000068be00000|  0%| F|  |TAMS 0x000000068bd00000, 0x000000068bd00000| Untracked 
| 180|0x000000068be00000, 0x000000068be00000, 0x000000068bf00000|  0%| F|  |TAMS 0x000000068be00000, 0x000000068be00000| Untracked 
| 181|0x000000068bf00000, 0x000000068bf00000, 0x000000068c000000|  0%| F|  |TAMS 0x000000068bf00000, 0x000000068bf00000| Untracked 
| 182|0x000000068c000000, 0x000000068c000000, 0x000000068c100000|  0%| F|  |TAMS 0x000000068c000000, 0x000000068c000000| Untracked 
| 183|0x000000068c100000, 0x000000068c100000, 0x000000068c200000|  0%| F|  |TAMS 0x000000068c100000, 0x000000068c100000| Untracked 
| 184|0x000000068c200000, 0x000000068c200000, 0x000000068c300000|  0%| F|  |TAMS 0x000000068c200000, 0x000000068c200000| Untracked 
| 185|0x000000068c300000, 0x000000068c300000, 0x000000068c400000|  0%| F|  |TAMS 0x000000068c300000, 0x000000068c300000| Untracked 
| 186|0x000000068c400000, 0x000000068c400000, 0x000000068c500000|  0%| F|  |TAMS 0x000000068c400000, 0x000000068c400000| Untracked 
| 187|0x000000068c500000, 0x000000068c500000, 0x000000068c600000|  0%| F|  |TAMS 0x000000068c500000, 0x000000068c500000| Untracked 
| 188|0x000000068c600000, 0x000000068c600000, 0x000000068c700000|  0%| F|  |TAMS 0x000000068c600000, 0x000000068c600000| Untracked 
| 189|0x000000068c700000, 0x000000068c700000, 0x000000068c800000|  0%| F|  |TAMS 0x000000068c700000, 0x000000068c700000| Untracked 
| 190|0x000000068c800000, 0x000000068c800000, 0x000000068c900000|  0%| F|  |TAMS 0x000000068c800000, 0x000000068c800000| Untracked 
| 191|0x000000068c900000, 0x000000068c900000, 0x000000068ca00000|  0%| F|  |TAMS 0x000000068c900000, 0x000000068c900000| Untracked 
| 192|0x000000068ca00000, 0x000000068ca00000, 0x000000068cb00000|  0%| F|  |TAMS 0x000000068ca00000, 0x000000068ca00000| Untracked 
| 193|0x000000068cb00000, 0x000000068cb00000, 0x000000068cc00000|  0%| F|  |TAMS 0x000000068cb00000, 0x000000068cb00000| Untracked 
| 194|0x000000068cc00000, 0x000000068cc00000, 0x000000068cd00000|  0%| F|  |TAMS 0x000000068cc00000, 0x000000068cc00000| Untracked 
| 195|0x000000068cd00000, 0x000000068cd00000, 0x000000068ce00000|  0%| F|  |TAMS 0x000000068cd00000, 0x000000068cd00000| Untracked 
| 196|0x000000068ce00000, 0x000000068ce00000, 0x000000068cf00000|  0%| F|  |TAMS 0x000000068ce00000, 0x000000068ce00000| Untracked 
| 197|0x000000068cf00000, 0x000000068cf00000, 0x000000068d000000|  0%| F|  |TAMS 0x000000068cf00000, 0x000000068cf00000| Untracked 
| 198|0x000000068d000000, 0x000000068d000000, 0x000000068d100000|  0%| F|  |TAMS 0x000000068d000000, 0x000000068d000000| Untracked 
| 199|0x000000068d100000, 0x000000068d100000, 0x000000068d200000|  0%| F|  |TAMS 0x000000068d100000, 0x000000068d100000| Untracked 
| 200|0x000000068d200000, 0x000000068d200000, 0x000000068d300000|  0%| F|  |TAMS 0x000000068d200000, 0x000000068d200000| Untracked 
| 201|0x000000068d300000, 0x000000068d300000, 0x000000068d400000|  0%| F|  |TAMS 0x000000068d300000, 0x000000068d300000| Untracked 
| 202|0x000000068d400000, 0x000000068d400000, 0x000000068d500000|  0%| F|  |TAMS 0x000000068d400000, 0x000000068d400000| Untracked 
| 203|0x000000068d500000, 0x000000068d500000, 0x000000068d600000|  0%| F|  |TAMS 0x000000068d500000, 0x000000068d500000| Untracked 
| 204|0x000000068d600000, 0x000000068d600000, 0x000000068d700000|  0%| F|  |TAMS 0x000000068d600000, 0x000000068d600000| Untracked 
| 205|0x000000068d700000, 0x000000068d700000, 0x000000068d800000|  0%| F|  |TAMS 0x000000068d700000, 0x000000068d700000| Untracked 
| 206|0x000000068d800000, 0x000000068d800000, 0x000000068d900000|  0%| F|  |TAMS 0x000000068d800000, 0x000000068d800000| Untracked 
| 207|0x000000068d900000, 0x000000068d900000, 0x000000068da00000|  0%| F|  |TAMS 0x000000068d900000, 0x000000068d900000| Untracked 
| 208|0x000000068da00000, 0x000000068da00000, 0x000000068db00000|  0%| F|  |TAMS 0x000000068da00000, 0x000000068da00000| Untracked 
| 209|0x000000068db00000, 0x000000068db00000, 0x000000068dc00000|  0%| F|  |TAMS 0x000000068db00000, 0x000000068db00000| Untracked 
| 210|0x000000068dc00000, 0x000000068dc00000, 0x000000068dd00000|  0%| F|  |TAMS 0x000000068dc00000, 0x000000068dc00000| Untracked 
| 211|0x000000068dd00000, 0x000000068dd00000, 0x000000068de00000|  0%| F|  |TAMS 0x000000068dd00000, 0x000000068dd00000| Untracked 
| 212|0x000000068de00000, 0x000000068de00000, 0x000000068df00000|  0%| F|  |TAMS 0x000000068de00000, 0x000000068de00000| Untracked 
| 213|0x000000068df00000, 0x000000068df00000, 0x000000068e000000|  0%| F|  |TAMS 0x000000068df00000, 0x000000068df00000| Untracked 
| 214|0x000000068e000000, 0x000000068e000000, 0x000000068e100000|  0%| F|  |TAMS 0x000000068e000000, 0x000000068e000000| Untracked 
| 215|0x000000068e100000, 0x000000068e100000, 0x000000068e200000|  0%| F|  |TAMS 0x000000068e100000, 0x000000068e100000| Untracked 
| 216|0x000000068e200000, 0x000000068e200000, 0x000000068e300000|  0%| F|  |TAMS 0x000000068e200000, 0x000000068e200000| Untracked 
| 217|0x000000068e300000, 0x000000068e300000, 0x000000068e400000|  0%| F|  |TAMS 0x000000068e300000, 0x000000068e300000| Untracked 
| 218|0x000000068e400000, 0x000000068e400000, 0x000000068e500000|  0%| F|  |TAMS 0x000000068e400000, 0x000000068e400000| Untracked 
| 219|0x000000068e500000, 0x000000068e500000, 0x000000068e600000|  0%| F|  |TAMS 0x000000068e500000, 0x000000068e500000| Untracked 
| 220|0x000000068e600000, 0x000000068e600000, 0x000000068e700000|  0%| F|  |TAMS 0x000000068e600000, 0x000000068e600000| Untracked 
| 221|0x000000068e700000, 0x000000068e700000, 0x000000068e800000|  0%| F|  |TAMS 0x000000068e700000, 0x000000068e700000| Untracked 
| 222|0x000000068e800000, 0x000000068e800000, 0x000000068e900000|  0%| F|  |TAMS 0x000000068e800000, 0x000000068e800000| Untracked 
| 223|0x000000068e900000, 0x000000068e900000, 0x000000068ea00000|  0%| F|  |TAMS 0x000000068e900000, 0x000000068e900000| Untracked 
| 224|0x000000068ea00000, 0x000000068ea00000, 0x000000068eb00000|  0%| F|  |TAMS 0x000000068ea00000, 0x000000068ea00000| Untracked 
| 225|0x000000068eb00000, 0x000000068eb00000, 0x000000068ec00000|  0%| F|  |TAMS 0x000000068eb00000, 0x000000068eb00000| Untracked 
| 226|0x000000068ec00000, 0x000000068ec00000, 0x000000068ed00000|  0%| F|  |TAMS 0x000000068ec00000, 0x000000068ec00000| Untracked 
| 227|0x000000068ed00000, 0x000000068ed00000, 0x000000068ee00000|  0%| F|  |TAMS 0x000000068ed00000, 0x000000068ed00000| Untracked 
| 228|0x000000068ee00000, 0x000000068ee00000, 0x000000068ef00000|  0%| F|  |TAMS 0x000000068ee00000, 0x000000068ee00000| Untracked 
| 229|0x000000068ef00000, 0x000000068ef00000, 0x000000068f000000|  0%| F|  |TAMS 0x000000068ef00000, 0x000000068ef00000| Untracked 
| 230|0x000000068f000000, 0x000000068f000000, 0x000000068f100000|  0%| F|  |TAMS 0x000000068f000000, 0x000000068f000000| Untracked 
| 231|0x000000068f100000, 0x000000068f100000, 0x000000068f200000|  0%| F|  |TAMS 0x000000068f100000, 0x000000068f100000| Untracked 
| 232|0x000000068f200000, 0x000000068f200000, 0x000000068f300000|  0%| F|  |TAMS 0x000000068f200000, 0x000000068f200000| Untracked 
| 233|0x000000068f300000, 0x000000068f300000, 0x000000068f400000|  0%| F|  |TAMS 0x000000068f300000, 0x000000068f300000| Untracked 
| 234|0x000000068f400000, 0x000000068f400000, 0x000000068f500000|  0%| F|  |TAMS 0x000000068f400000, 0x000000068f400000| Untracked 
| 235|0x000000068f500000, 0x000000068f500000, 0x000000068f600000|  0%| F|  |TAMS 0x000000068f500000, 0x000000068f500000| Untracked 
| 236|0x000000068f600000, 0x000000068f600000, 0x000000068f700000|  0%| F|  |TAMS 0x000000068f600000, 0x000000068f600000| Untracked 
| 237|0x000000068f700000, 0x000000068f700000, 0x000000068f800000|  0%| F|  |TAMS 0x000000068f700000, 0x000000068f700000| Untracked 
| 238|0x000000068f800000, 0x000000068f800000, 0x000000068f900000|  0%| F|  |TAMS 0x000000068f800000, 0x000000068f800000| Untracked 
| 239|0x000000068f900000, 0x000000068f900000, 0x000000068fa00000|  0%| F|  |TAMS 0x000000068f900000, 0x000000068f900000| Untracked 
| 240|0x000000068fa00000, 0x000000068fa00000, 0x000000068fb00000|  0%| F|  |TAMS 0x000000068fa00000, 0x000000068fa00000| Untracked 
| 241|0x000000068fb00000, 0x000000068fb00000, 0x000000068fc00000|  0%| F|  |TAMS 0x000000068fb00000, 0x000000068fb00000| Untracked 
| 242|0x000000068fc00000, 0x000000068fc00000, 0x000000068fd00000|  0%| F|  |TAMS 0x000000068fc00000, 0x000000068fc00000| Untracked 
| 243|0x000000068fd00000, 0x000000068fd00000, 0x000000068fe00000|  0%| F|  |TAMS 0x000000068fd00000, 0x000000068fd00000| Untracked 
| 244|0x000000068fe00000, 0x000000068fe00000, 0x000000068ff00000|  0%| F|  |TAMS 0x000000068fe00000, 0x000000068fe00000| Untracked 
| 245|0x000000068ff00000, 0x000000068ff00000, 0x0000000690000000|  0%| F|  |TAMS 0x000000068ff00000, 0x000000068ff00000| Untracked 
| 246|0x0000000690000000, 0x0000000690000000, 0x0000000690100000|  0%| F|  |TAMS 0x0000000690000000, 0x0000000690000000| Untracked 
| 247|0x0000000690100000, 0x0000000690100000, 0x0000000690200000|  0%| F|  |TAMS 0x0000000690100000, 0x0000000690100000| Untracked 
| 248|0x0000000690200000, 0x0000000690200000, 0x0000000690300000|  0%| F|  |TAMS 0x0000000690200000, 0x0000000690200000| Untracked 
| 249|0x0000000690300000, 0x0000000690300000, 0x0000000690400000|  0%| F|  |TAMS 0x0000000690300000, 0x0000000690300000| Untracked 
| 250|0x0000000690400000, 0x0000000690400000, 0x0000000690500000|  0%| F|  |TAMS 0x0000000690400000, 0x0000000690400000| Untracked 
| 251|0x0000000690500000, 0x0000000690500000, 0x0000000690600000|  0%| F|  |TAMS 0x0000000690500000, 0x0000000690500000| Untracked 
| 252|0x0000000690600000, 0x0000000690600000, 0x0000000690700000|  0%| F|  |TAMS 0x0000000690600000, 0x0000000690600000| Untracked 
| 253|0x0000000690700000, 0x0000000690700000, 0x0000000690800000|  0%| F|  |TAMS 0x0000000690700000, 0x0000000690700000| Untracked 
| 254|0x0000000690800000, 0x0000000690800000, 0x0000000690900000|  0%| F|  |TAMS 0x0000000690800000, 0x0000000690800000| Untracked 
| 255|0x0000000690900000, 0x0000000690900000, 0x0000000690a00000|  0%| F|  |TAMS 0x0000000690900000, 0x0000000690900000| Untracked 
| 256|0x0000000690a00000, 0x0000000690a00000, 0x0000000690b00000|  0%| F|  |TAMS 0x0000000690a00000, 0x0000000690a00000| Untracked 
| 257|0x0000000690b00000, 0x0000000690b00000, 0x0000000690c00000|  0%| F|  |TAMS 0x0000000690b00000, 0x0000000690b00000| Untracked 
| 258|0x0000000690c00000, 0x0000000690c00000, 0x0000000690d00000|  0%| F|  |TAMS 0x0000000690c00000, 0x0000000690c00000| Untracked 
| 259|0x0000000690d00000, 0x0000000690d00000, 0x0000000690e00000|  0%| F|  |TAMS 0x0000000690d00000, 0x0000000690d00000| Untracked 
| 260|0x0000000690e00000, 0x0000000690e00000, 0x0000000690f00000|  0%| F|  |TAMS 0x0000000690e00000, 0x0000000690e00000| Untracked 
| 261|0x0000000690f00000, 0x0000000690f00000, 0x0000000691000000|  0%| F|  |TAMS 0x0000000690f00000, 0x0000000690f00000| Untracked 
| 262|0x0000000691000000, 0x0000000691000000, 0x0000000691100000|  0%| F|  |TAMS 0x0000000691000000, 0x0000000691000000| Untracked 
| 263|0x0000000691100000, 0x0000000691100000, 0x0000000691200000|  0%| F|  |TAMS 0x0000000691100000, 0x0000000691100000| Untracked 
| 264|0x0000000691200000, 0x0000000691200000, 0x0000000691300000|  0%| F|  |TAMS 0x0000000691200000, 0x0000000691200000| Untracked 
| 265|0x0000000691300000, 0x0000000691300000, 0x0000000691400000|  0%| F|  |TAMS 0x0000000691300000, 0x0000000691300000| Untracked 
| 266|0x0000000691400000, 0x0000000691400000, 0x0000000691500000|  0%| F|  |TAMS 0x0000000691400000, 0x0000000691400000| Untracked 
| 267|0x0000000691500000, 0x0000000691500000, 0x0000000691600000|  0%| F|  |TAMS 0x0000000691500000, 0x0000000691500000| Untracked 
| 268|0x0000000691600000, 0x0000000691600000, 0x0000000691700000|  0%| F|  |TAMS 0x0000000691600000, 0x0000000691600000| Untracked 
| 269|0x0000000691700000, 0x0000000691700000, 0x0000000691800000|  0%| F|  |TAMS 0x0000000691700000, 0x0000000691700000| Untracked 
| 270|0x0000000691800000, 0x0000000691800000, 0x0000000691900000|  0%| F|  |TAMS 0x0000000691800000, 0x0000000691800000| Untracked 
| 271|0x0000000691900000, 0x0000000691900000, 0x0000000691a00000|  0%| F|  |TAMS 0x0000000691900000, 0x0000000691900000| Untracked 
| 272|0x0000000691a00000, 0x0000000691a00000, 0x0000000691b00000|  0%| F|  |TAMS 0x0000000691a00000, 0x0000000691a00000| Untracked 
| 273|0x0000000691b00000, 0x0000000691b00000, 0x0000000691c00000|  0%| F|  |TAMS 0x0000000691b00000, 0x0000000691b00000| Untracked 
| 274|0x0000000691c00000, 0x0000000691c00000, 0x0000000691d00000|  0%| F|  |TAMS 0x0000000691c00000, 0x0000000691c00000| Untracked 
| 275|0x0000000691d00000, 0x0000000691d00000, 0x0000000691e00000|  0%| F|  |TAMS 0x0000000691d00000, 0x0000000691d00000| Untracked 
| 276|0x0000000691e00000, 0x0000000691e00000, 0x0000000691f00000|  0%| F|  |TAMS 0x0000000691e00000, 0x0000000691e00000| Untracked 
| 277|0x0000000691f00000, 0x0000000691f00000, 0x0000000692000000|  0%| F|  |TAMS 0x0000000691f00000, 0x0000000691f00000| Untracked 
| 278|0x0000000692000000, 0x0000000692000000, 0x0000000692100000|  0%| F|  |TAMS 0x0000000692000000, 0x0000000692000000| Untracked 
| 279|0x0000000692100000, 0x0000000692100000, 0x0000000692200000|  0%| F|  |TAMS 0x0000000692100000, 0x0000000692100000| Untracked 
| 280|0x0000000692200000, 0x0000000692200000, 0x0000000692300000|  0%| F|  |TAMS 0x0000000692200000, 0x0000000692200000| Untracked 
| 281|0x0000000692300000, 0x0000000692300000, 0x0000000692400000|  0%| F|  |TAMS 0x0000000692300000, 0x0000000692300000| Untracked 
| 282|0x0000000692400000, 0x0000000692400000, 0x0000000692500000|  0%| F|  |TAMS 0x0000000692400000, 0x0000000692400000| Untracked 
| 283|0x0000000692500000, 0x0000000692500000, 0x0000000692600000|  0%| F|  |TAMS 0x0000000692500000, 0x0000000692500000| Untracked 
| 284|0x0000000692600000, 0x0000000692600000, 0x0000000692700000|  0%| F|  |TAMS 0x0000000692600000, 0x0000000692600000| Untracked 
| 285|0x0000000692700000, 0x0000000692700000, 0x0000000692800000|  0%| F|  |TAMS 0x0000000692700000, 0x0000000692700000| Untracked 
| 286|0x0000000692800000, 0x0000000692800000, 0x0000000692900000|  0%| F|  |TAMS 0x0000000692800000, 0x0000000692800000| Untracked 
| 287|0x0000000692900000, 0x0000000692900000, 0x0000000692a00000|  0%| F|  |TAMS 0x0000000692900000, 0x0000000692900000| Untracked 
| 288|0x0000000692a00000, 0x0000000692a00000, 0x0000000692b00000|  0%| F|  |TAMS 0x0000000692a00000, 0x0000000692a00000| Untracked 
| 289|0x0000000692b00000, 0x0000000692b00000, 0x0000000692c00000|  0%| F|  |TAMS 0x0000000692b00000, 0x0000000692b00000| Untracked 
| 290|0x0000000692c00000, 0x0000000692c00000, 0x0000000692d00000|  0%| F|  |TAMS 0x0000000692c00000, 0x0000000692c00000| Untracked 
| 291|0x0000000692d00000, 0x0000000692d00000, 0x0000000692e00000|  0%| F|  |TAMS 0x0000000692d00000, 0x0000000692d00000| Untracked 
| 292|0x0000000692e00000, 0x0000000692e00000, 0x0000000692f00000|  0%| F|  |TAMS 0x0000000692e00000, 0x0000000692e00000| Untracked 
| 293|0x0000000692f00000, 0x0000000692f00000, 0x0000000693000000|  0%| F|  |TAMS 0x0000000692f00000, 0x0000000692f00000| Untracked 
| 294|0x0000000693000000, 0x0000000693000000, 0x0000000693100000|  0%| F|  |TAMS 0x0000000693000000, 0x0000000693000000| Untracked 
| 295|0x0000000693100000, 0x0000000693100000, 0x0000000693200000|  0%| F|  |TAMS 0x0000000693100000, 0x0000000693100000| Untracked 
| 296|0x0000000693200000, 0x0000000693200000, 0x0000000693300000|  0%| F|  |TAMS 0x0000000693200000, 0x0000000693200000| Untracked 
| 297|0x0000000693300000, 0x0000000693300000, 0x0000000693400000|  0%| F|  |TAMS 0x0000000693300000, 0x0000000693300000| Untracked 
| 298|0x0000000693400000, 0x0000000693400000, 0x0000000693500000|  0%| F|  |TAMS 0x0000000693400000, 0x0000000693400000| Untracked 
| 299|0x0000000693500000, 0x0000000693500000, 0x0000000693600000|  0%| F|  |TAMS 0x0000000693500000, 0x0000000693500000| Untracked 
| 300|0x0000000693600000, 0x0000000693600000, 0x0000000693700000|  0%| F|  |TAMS 0x0000000693600000, 0x0000000693600000| Untracked 
| 301|0x0000000693700000, 0x0000000693700000, 0x0000000693800000|  0%| F|  |TAMS 0x0000000693700000, 0x0000000693700000| Untracked 
| 302|0x0000000693800000, 0x0000000693800000, 0x0000000693900000|  0%| F|  |TAMS 0x0000000693800000, 0x0000000693800000| Untracked 
| 303|0x0000000693900000, 0x0000000693900000, 0x0000000693a00000|  0%| F|  |TAMS 0x0000000693900000, 0x0000000693900000| Untracked 
| 304|0x0000000693a00000, 0x0000000693a00000, 0x0000000693b00000|  0%| F|  |TAMS 0x0000000693a00000, 0x0000000693a00000| Untracked 
| 305|0x0000000693b00000, 0x0000000693b00000, 0x0000000693c00000|  0%| F|  |TAMS 0x0000000693b00000, 0x0000000693b00000| Untracked 
| 306|0x0000000693c00000, 0x0000000693c00000, 0x0000000693d00000|  0%| F|  |TAMS 0x0000000693c00000, 0x0000000693c00000| Untracked 
| 307|0x0000000693d00000, 0x0000000693d00000, 0x0000000693e00000|  0%| F|  |TAMS 0x0000000693d00000, 0x0000000693d00000| Untracked 
| 308|0x0000000693e00000, 0x0000000693e00000, 0x0000000693f00000|  0%| F|  |TAMS 0x0000000693e00000, 0x0000000693e00000| Untracked 
| 309|0x0000000693f00000, 0x0000000693f00000, 0x0000000694000000|  0%| F|  |TAMS 0x0000000693f00000, 0x0000000693f00000| Untracked 
| 310|0x0000000694000000, 0x0000000694000000, 0x0000000694100000|  0%| F|  |TAMS 0x0000000694000000, 0x0000000694000000| Untracked 
| 311|0x0000000694100000, 0x0000000694100000, 0x0000000694200000|  0%| F|  |TAMS 0x0000000694100000, 0x0000000694100000| Untracked 
| 312|0x0000000694200000, 0x0000000694200000, 0x0000000694300000|  0%| F|  |TAMS 0x0000000694200000, 0x0000000694200000| Untracked 
| 313|0x0000000694300000, 0x0000000694300000, 0x0000000694400000|  0%| F|  |TAMS 0x0000000694300000, 0x0000000694300000| Untracked 
| 314|0x0000000694400000, 0x0000000694400000, 0x0000000694500000|  0%| F|  |TAMS 0x0000000694400000, 0x0000000694400000| Untracked 
| 315|0x0000000694500000, 0x0000000694500000, 0x0000000694600000|  0%| F|  |TAMS 0x0000000694500000, 0x0000000694500000| Untracked 
| 316|0x0000000694600000, 0x0000000694600000, 0x0000000694700000|  0%| F|  |TAMS 0x0000000694600000, 0x0000000694600000| Untracked 
| 317|0x0000000694700000, 0x0000000694700000, 0x0000000694800000|  0%| F|  |TAMS 0x0000000694700000, 0x0000000694700000| Untracked 
| 318|0x0000000694800000, 0x0000000694800000, 0x0000000694900000|  0%| F|  |TAMS 0x0000000694800000, 0x0000000694800000| Untracked 
| 319|0x0000000694900000, 0x0000000694900000, 0x0000000694a00000|  0%| F|  |TAMS 0x0000000694900000, 0x0000000694900000| Untracked 
| 320|0x0000000694a00000, 0x0000000694a00000, 0x0000000694b00000|  0%| F|  |TAMS 0x0000000694a00000, 0x0000000694a00000| Untracked 
| 321|0x0000000694b00000, 0x0000000694b00000, 0x0000000694c00000|  0%| F|  |TAMS 0x0000000694b00000, 0x0000000694b00000| Untracked 
| 322|0x0000000694c00000, 0x0000000694c00000, 0x0000000694d00000|  0%| F|  |TAMS 0x0000000694c00000, 0x0000000694c00000| Untracked 
| 323|0x0000000694d00000, 0x0000000694d00000, 0x0000000694e00000|  0%| F|  |TAMS 0x0000000694d00000, 0x0000000694d00000| Untracked 
| 324|0x0000000694e00000, 0x0000000694e00000, 0x0000000694f00000|  0%| F|  |TAMS 0x0000000694e00000, 0x0000000694e00000| Untracked 
| 325|0x0000000694f00000, 0x0000000694f00000, 0x0000000695000000|  0%| F|  |TAMS 0x0000000694f00000, 0x0000000694f00000| Untracked 
| 326|0x0000000695000000, 0x0000000695000000, 0x0000000695100000|  0%| F|  |TAMS 0x0000000695000000, 0x0000000695000000| Untracked 
| 327|0x0000000695100000, 0x0000000695100000, 0x0000000695200000|  0%| F|  |TAMS 0x0000000695100000, 0x0000000695100000| Untracked 
| 328|0x0000000695200000, 0x0000000695200000, 0x0000000695300000|  0%| F|  |TAMS 0x0000000695200000, 0x0000000695200000| Untracked 
| 329|0x0000000695300000, 0x0000000695300000, 0x0000000695400000|  0%| F|  |TAMS 0x0000000695300000, 0x0000000695300000| Untracked 
| 330|0x0000000695400000, 0x0000000695400000, 0x0000000695500000|  0%| F|  |TAMS 0x0000000695400000, 0x0000000695400000| Untracked 
| 331|0x0000000695500000, 0x0000000695500000, 0x0000000695600000|  0%| F|  |TAMS 0x0000000695500000, 0x0000000695500000| Untracked 
| 332|0x0000000695600000, 0x0000000695600000, 0x0000000695700000|  0%| F|  |TAMS 0x0000000695600000, 0x0000000695600000| Untracked 
| 333|0x0000000695700000, 0x0000000695700000, 0x0000000695800000|  0%| F|  |TAMS 0x0000000695700000, 0x0000000695700000| Untracked 
| 334|0x0000000695800000, 0x0000000695800000, 0x0000000695900000|  0%| F|  |TAMS 0x0000000695800000, 0x0000000695800000| Untracked 
| 335|0x0000000695900000, 0x0000000695900000, 0x0000000695a00000|  0%| F|  |TAMS 0x0000000695900000, 0x0000000695900000| Untracked 
| 336|0x0000000695a00000, 0x0000000695a00000, 0x0000000695b00000|  0%| F|  |TAMS 0x0000000695a00000, 0x0000000695a00000| Untracked 
| 337|0x0000000695b00000, 0x0000000695b00000, 0x0000000695c00000|  0%| F|  |TAMS 0x0000000695b00000, 0x0000000695b00000| Untracked 
| 338|0x0000000695c00000, 0x0000000695c00000, 0x0000000695d00000|  0%| F|  |TAMS 0x0000000695c00000, 0x0000000695c00000| Untracked 
| 339|0x0000000695d00000, 0x0000000695d00000, 0x0000000695e00000|  0%| F|  |TAMS 0x0000000695d00000, 0x0000000695d00000| Untracked 
| 340|0x0000000695e00000, 0x0000000695e00000, 0x0000000695f00000|  0%| F|  |TAMS 0x0000000695e00000, 0x0000000695e00000| Untracked 
| 341|0x0000000695f00000, 0x0000000695f00000, 0x0000000696000000|  0%| F|  |TAMS 0x0000000695f00000, 0x0000000695f00000| Untracked 
| 342|0x0000000696000000, 0x0000000696000000, 0x0000000696100000|  0%| F|  |TAMS 0x0000000696000000, 0x0000000696000000| Untracked 
| 343|0x0000000696100000, 0x0000000696100000, 0x0000000696200000|  0%| F|  |TAMS 0x0000000696100000, 0x0000000696100000| Untracked 
| 344|0x0000000696200000, 0x0000000696200000, 0x0000000696300000|  0%| F|  |TAMS 0x0000000696200000, 0x0000000696200000| Untracked 
| 345|0x0000000696300000, 0x0000000696300000, 0x0000000696400000|  0%| F|  |TAMS 0x0000000696300000, 0x0000000696300000| Untracked 
| 346|0x0000000696400000, 0x0000000696400000, 0x0000000696500000|  0%| F|  |TAMS 0x0000000696400000, 0x0000000696400000| Untracked 
| 347|0x0000000696500000, 0x0000000696500000, 0x0000000696600000|  0%| F|  |TAMS 0x0000000696500000, 0x0000000696500000| Untracked 
| 348|0x0000000696600000, 0x0000000696600000, 0x0000000696700000|  0%| F|  |TAMS 0x0000000696600000, 0x0000000696600000| Untracked 
| 349|0x0000000696700000, 0x0000000696700000, 0x0000000696800000|  0%| F|  |TAMS 0x0000000696700000, 0x0000000696700000| Untracked 
| 350|0x0000000696800000, 0x0000000696800000, 0x0000000696900000|  0%| F|  |TAMS 0x0000000696800000, 0x0000000696800000| Untracked 
| 351|0x0000000696900000, 0x0000000696900000, 0x0000000696a00000|  0%| F|  |TAMS 0x0000000696900000, 0x0000000696900000| Untracked 
| 352|0x0000000696a00000, 0x0000000696a00000, 0x0000000696b00000|  0%| F|  |TAMS 0x0000000696a00000, 0x0000000696a00000| Untracked 
| 353|0x0000000696b00000, 0x0000000696b00000, 0x0000000696c00000|  0%| F|  |TAMS 0x0000000696b00000, 0x0000000696b00000| Untracked 
| 354|0x0000000696c00000, 0x0000000696c00000, 0x0000000696d00000|  0%| F|  |TAMS 0x0000000696c00000, 0x0000000696c00000| Untracked 
| 355|0x0000000696d00000, 0x0000000696d00000, 0x0000000696e00000|  0%| F|  |TAMS 0x0000000696d00000, 0x0000000696d00000| Untracked 
| 356|0x0000000696e00000, 0x0000000696e00000, 0x0000000696f00000|  0%| F|  |TAMS 0x0000000696e00000, 0x0000000696e00000| Untracked 
| 357|0x0000000696f00000, 0x0000000696f00000, 0x0000000697000000|  0%| F|  |TAMS 0x0000000696f00000, 0x0000000696f00000| Untracked 
| 358|0x0000000697000000, 0x0000000697000000, 0x0000000697100000|  0%| F|  |TAMS 0x0000000697000000, 0x0000000697000000| Untracked 
| 359|0x0000000697100000, 0x0000000697100000, 0x0000000697200000|  0%| F|  |TAMS 0x0000000697100000, 0x0000000697100000| Untracked 
| 360|0x0000000697200000, 0x0000000697200000, 0x0000000697300000|  0%| F|  |TAMS 0x0000000697200000, 0x0000000697200000| Untracked 
| 361|0x0000000697300000, 0x0000000697300000, 0x0000000697400000|  0%| F|  |TAMS 0x0000000697300000, 0x0000000697300000| Untracked 
| 362|0x0000000697400000, 0x0000000697400000, 0x0000000697500000|  0%| F|  |TAMS 0x0000000697400000, 0x0000000697400000| Untracked 
| 363|0x0000000697500000, 0x0000000697500000, 0x0000000697600000|  0%| F|  |TAMS 0x0000000697500000, 0x0000000697500000| Untracked 
| 364|0x0000000697600000, 0x0000000697600000, 0x0000000697700000|  0%| F|  |TAMS 0x0000000697600000, 0x0000000697600000| Untracked 
| 365|0x0000000697700000, 0x000000069775bcc0, 0x0000000697800000| 35%| S|CS|TAMS 0x0000000697700000, 0x0000000697700000| Complete 
| 366|0x0000000697800000, 0x0000000697900000, 0x0000000697900000|100%| S|CS|TAMS 0x0000000697800000, 0x0000000697800000| Complete 
| 367|0x0000000697900000, 0x0000000697a00000, 0x0000000697a00000|100%| S|CS|TAMS 0x0000000697900000, 0x0000000697900000| Complete 
| 368|0x0000000697a00000, 0x0000000697b00000, 0x0000000697b00000|100%| S|CS|TAMS 0x0000000697a00000, 0x0000000697a00000| Complete 
| 369|0x0000000697b00000, 0x0000000697c00000, 0x0000000697c00000|100%| S|CS|TAMS 0x0000000697b00000, 0x0000000697b00000| Complete 
| 370|0x0000000697c00000, 0x0000000697c00000, 0x0000000697d00000|  0%| F|  |TAMS 0x0000000697c00000, 0x0000000697c00000| Untracked 
| 371|0x0000000697d00000, 0x0000000697d00000, 0x0000000697e00000|  0%| F|  |TAMS 0x0000000697d00000, 0x0000000697d00000| Untracked 
| 372|0x0000000697e00000, 0x0000000697e00000, 0x0000000697f00000|  0%| F|  |TAMS 0x0000000697e00000, 0x0000000697e00000| Untracked 
| 373|0x0000000697f00000, 0x0000000697f00000, 0x0000000698000000|  0%| F|  |TAMS 0x0000000697f00000, 0x0000000697f00000| Untracked 
| 374|0x0000000698000000, 0x0000000698000000, 0x0000000698100000|  0%| F|  |TAMS 0x0000000698000000, 0x0000000698000000| Untracked 
| 375|0x0000000698100000, 0x0000000698100000, 0x0000000698200000|  0%| F|  |TAMS 0x0000000698100000, 0x0000000698100000| Untracked 
| 376|0x0000000698200000, 0x0000000698200000, 0x0000000698300000|  0%| F|  |TAMS 0x0000000698200000, 0x0000000698200000| Untracked 
| 377|0x0000000698300000, 0x0000000698300000, 0x0000000698400000|  0%| F|  |TAMS 0x0000000698300000, 0x0000000698300000| Untracked 
| 378|0x0000000698400000, 0x0000000698400000, 0x0000000698500000|  0%| F|  |TAMS 0x0000000698400000, 0x0000000698400000| Untracked 
| 379|0x0000000698500000, 0x0000000698500000, 0x0000000698600000|  0%| F|  |TAMS 0x0000000698500000, 0x0000000698500000| Untracked 
| 380|0x0000000698600000, 0x0000000698600000, 0x0000000698700000|  0%| F|  |TAMS 0x0000000698600000, 0x0000000698600000| Untracked 
| 381|0x0000000698700000, 0x0000000698700000, 0x0000000698800000|  0%| F|  |TAMS 0x0000000698700000, 0x0000000698700000| Untracked 
| 382|0x0000000698800000, 0x0000000698800000, 0x0000000698900000|  0%| F|  |TAMS 0x0000000698800000, 0x0000000698800000| Untracked 
| 383|0x0000000698900000, 0x0000000698900000, 0x0000000698a00000|  0%| F|  |TAMS 0x0000000698900000, 0x0000000698900000| Untracked 

Card table byte_map: [0x000001ffc6690000,0x000001ffc7290000] _byte_map_base: 0x000001ffc328b000

Marking Bits (Prev, Next): (CMBitMap*) 0x000001ffae3d4828, (CMBitMap*) 0x000001ffae3d4860
 Prev Bits: [0x000001ffc7e90000, 0x000001ffcde68000)
 Next Bits: [0x000001ffcde70000, 0x000001ffd3e48000)

Polling page: 0x000001ffac300000

Metaspace:

Usage:
  Non-class:     14.72 MB capacity,    14.62 MB (>99%) used,    71.88 KB ( <1%) free+waste,    24.38 KB ( <1%) overhead. 
      Class:      1.70 MB capacity,     1.61 MB ( 95%) used,    77.04 KB (  4%) free+waste,    10.50 KB ( <1%) overhead. 
       Both:     16.41 MB capacity,    16.23 MB ( 99%) used,   148.91 KB ( <1%) free+waste,    34.88 KB ( <1%) overhead. 

Virtual space:
  Non-class space:       24.00 MB reserved,      14.75 MB ( 61%) committed 
      Class space:        1.00 GB reserved,       1.75 MB ( <1%) committed 
             Both:        1.02 GB reserved,      16.50 MB (  2%) committed 

Chunk freelists:
   Non-Class:  35.00 KB
       Class:  23.00 KB
        Both:  58.00 KB

MaxMetaspaceSize: 17179869184.00 GB
CompressedClassSpaceSize: 1.00 GB
Initial GC threshold: 20.80 MB
Current GC threshold: 21.12 MB
CDS: off

CodeHeap 'non-profiled nmethods': size=120064Kb used=526Kb max_used=526Kb free=119537Kb
 bounds [0x000001ffbe550000, 0x000001ffbe7c0000, 0x000001ffc5a90000]
CodeHeap 'profiled nmethods': size=120000Kb used=3086Kb max_used=3086Kb free=116913Kb
 bounds [0x000001ffb7020000, 0x000001ffb7330000, 0x000001ffbe550000]
CodeHeap 'non-nmethods': size=5696Kb used=1162Kb max_used=1191Kb free=4533Kb
 bounds [0x000001ffb6a90000, 0x000001ffb6d00000, 0x000001ffb7020000]
 total_blobs=2041 nmethods=1624 adapters=329
 compilation: enabled
              stopped_count=0, restarted_count=0
 full_count=0

Compilation events (20 events):
Event: 0.963 Thread 0x000001ffd6e24000 1616       3       com.sun.org.apache.xerces.internal.impl.XMLEntityScanner::scanLiteral (384 bytes)
Event: 0.964 Thread 0x000001ffd6e1d800 1617       4       com.sun.org.apache.xerces.internal.xni.XMLString::setValues (16 bytes)
Event: 0.964 Thread 0x000001ffd6e24000 nmethod 1616 0x000001ffb7320b10 code [0x000001ffb7320da0, 0x000001ffb73219c8]
Event: 0.964 Thread 0x000001ffd6e24000 1618       1       java.util.logging.Level::intValue (5 bytes)
Event: 0.964 Thread 0x000001ffd6e24000 nmethod 1618 0x000001ffbe5d2f10 code [0x000001ffbe5d30c0, 0x000001ffbe5d3178]
Event: 0.964 Thread 0x000001ffd6e24000 1619       3       java.lang.ThreadLocal$ThreadLocalMap::nextIndex (15 bytes)
Event: 0.964 Thread 0x000001ffd6e24000 nmethod 1619 0x000001ffb7321e10 code [0x000001ffb7321fc0, 0x000001ffb73220f8]
Event: 0.965 Thread 0x000001ffd6e1d800 nmethod 1617 0x000001ffbe5d3210 code [0x000001ffbe5d33a0, 0x000001ffbe5d34d8]
Event: 0.965 Thread 0x000001ffd6e24000 1620       3       java.util.regex.Pattern$GroupTail::match (111 bytes)
Event: 0.965 Thread 0x000001ffd6e24000 nmethod 1620 0x000001ffb7322190 code [0x000001ffb7322360, 0x000001ffb73226e8]
Event: 0.965 Thread 0x000001ffd6e24000 1621       1       com.sun.xml.bind.v2.runtime.unmarshaller.UnmarshallingContext$State::access$600 (5 bytes)
Event: 0.965 Thread 0x000001ffd6e24000 nmethod 1621 0x000001ffbe5d3590 code [0x000001ffbe5d3740, 0x000001ffbe5d37d8]
Event: 0.966 Thread 0x000001ffd6e24000 1622       3       java.lang.System::getProperty (25 bytes)
Event: 0.967 Thread 0x000001ffd6e24000 nmethod 1622 0x000001ffb7322910 code [0x000001ffb7322b40, 0x000001ffb73230a8]
Event: 0.967 Thread 0x000001ffd6e24000 1623       3       com.sun.org.apache.xerces.internal.util.FeatureState::isExceptional (8 bytes)
Event: 0.967 Thread 0x000001ffd6e24000 nmethod 1623 0x000001ffb7323310 code [0x000001ffb73234c0, 0x000001ffb73235f8]
Event: 0.968 Thread 0x000001ffd6e24000 1624       3       java.nio.Buffer::remaining (20 bytes)
Event: 0.968 Thread 0x000001ffd6e24000 nmethod 1624 0x000001ffb7323690 code [0x000001ffb7323840, 0x000001ffb7323998]
Event: 0.968 Thread 0x000001ffd7009800 1625       4       com.sun.org.apache.xerces.internal.utils.XMLSecurityManager::isOverLimit (111 bytes)
Event: 0.968 Thread 0x000001ffd6e1d800 1627       4       com.sun.org.apache.xerces.internal.util.SymbolTable::hash (53 bytes)

GC Heap History (4 events):
Event: 0.553 GC heap before
{Heap before GC invocations=0 (full 0):
 garbage-first heap   total 393216K, used 19456K [0x0000000680a00000, 0x0000000800000000)
  region size 1024K, 19 young (19456K), 0 survivors (0K)
 Metaspace       used 12436K, capacity 12602K, committed 12800K, reserved 1060864K
  class space    used 1178K, capacity 1219K, committed 1280K, reserved 1048576K
}
Event: 0.575 GC heap after
{Heap after GC invocations=1 (full 0):
 garbage-first heap   total 393216K, used 2950K [0x0000000680a00000, 0x0000000800000000)
  region size 1024K, 3 young (3072K), 3 survivors (3072K)
 Metaspace       used 12436K, capacity 12602K, committed 12800K, reserved 1060864K
  class space    used 1178K, capacity 1219K, committed 1280K, reserved 1048576K
}
Event: 0.969 GC heap before
{Heap before GC invocations=1 (full 0):
 garbage-first heap   total 393216K, used 16262K [0x0000000680a00000, 0x0000000800000000)
  region size 1024K, 17 young (17408K), 3 survivors (3072K)
 Metaspace       used 16622K, capacity 16806K, committed 16896K, reserved 1071104K
  class space    used 1649K, capacity 1737K, committed 1792K, reserved 1048576K
}
Event: 0.973 GC heap after
{Heap after GC invocations=2 (full 0):
 garbage-first heap   total 393216K, used 4463K [0x0000000680a00000, 0x0000000800000000)
  region size 1024K, 5 young (5120K), 5 survivors (5120K)
 Metaspace       used 16622K, capacity 16806K, committed 16896K, reserved 1071104K
  class space    used 1649K, capacity 1737K, committed 1792K, reserved 1048576K
}

Deoptimization events (20 events):
Event: 0.831 Thread 0x000001ffae34d800 DEOPT PACKING pc=0x000001ffbe590988 sp=0x00000050ca3fe450
Event: 0.831 Thread 0x000001ffae34d800 DEOPT UNPACKING pc=0x000001ffb6ada1af sp=0x00000050ca3fe3b8 mode 2
Event: 0.843 Thread 0x000001ffae34d800 Uncommon trap: trap_request=0xffffffc6 fr.pc=0x000001ffbe5a3a68 relative=0x0000000000000408
Event: 0.843 Thread 0x000001ffae34d800 Uncommon trap: reason=bimorphic_or_optimized_type_check action=maybe_recompile pc=0x000001ffbe5a3a68 method=java.util.HashMap.getNode(ILjava/lang/Object;)Ljava/util/HashMap$Node; @ 126 c2
Event: 0.843 Thread 0x000001ffae34d800 DEOPT PACKING pc=0x000001ffbe5a3a68 sp=0x00000050ca3fdf70
Event: 0.843 Thread 0x000001ffae34d800 DEOPT UNPACKING pc=0x000001ffb6ada1af sp=0x00000050ca3fde88 mode 2
Event: 0.851 Thread 0x000001ffae34d800 Uncommon trap: trap_request=0xffffff4d fr.pc=0x000001ffbe5830c8 relative=0x0000000000000388
Event: 0.851 Thread 0x000001ffae34d800 Uncommon trap: reason=unstable_if action=reinterpret pc=0x000001ffbe5830c8 method=java.lang.StringLatin1.indexOf([BI[BII)I @ 91 c2
Event: 0.851 Thread 0x000001ffae34d800 DEOPT PACKING pc=0x000001ffbe5830c8 sp=0x00000050ca3fe820
Event: 0.851 Thread 0x000001ffae34d800 DEOPT UNPACKING pc=0x000001ffb6ada1af sp=0x00000050ca3fe780 mode 2
Event: 0.959 Thread 0x000001ffae34d800 DEOPT PACKING pc=0x000001ffb7128edb sp=0x00000050ca3fe8e0
Event: 0.959 Thread 0x000001ffae34d800 DEOPT UNPACKING pc=0x000001ffb6ada95e sp=0x00000050ca3fdd58 mode 0
Event: 0.963 Thread 0x000001ffae34d800 Uncommon trap: trap_request=0xffffff4d fr.pc=0x000001ffbe5c10d8 relative=0x0000000000000578
Event: 0.963 Thread 0x000001ffae34d800 Uncommon trap: reason=unstable_if action=reinterpret pc=0x000001ffbe5c10d8 method=com.sun.org.apache.xerces.internal.impl.XMLEntityScanner.scanLiteral(ILcom/sun/org/apache/xerces/internal/xni/XMLString;Z)I @ 285 c2
Event: 0.963 Thread 0x000001ffae34d800 DEOPT PACKING pc=0x000001ffbe5c10d8 sp=0x00000050ca3fe030
Event: 0.963 Thread 0x000001ffae34d800 DEOPT UNPACKING pc=0x000001ffb6ada1af sp=0x00000050ca3fdfe0 mode 2
Event: 0.964 Thread 0x000001ffae34d800 Uncommon trap: trap_request=0xffffffc6 fr.pc=0x000001ffbe5a3a68 relative=0x0000000000000408
Event: 0.964 Thread 0x000001ffae34d800 Uncommon trap: reason=bimorphic_or_optimized_type_check action=maybe_recompile pc=0x000001ffbe5a3a68 method=java.util.HashMap.getNode(ILjava/lang/Object;)Ljava/util/HashMap$Node; @ 126 c2
Event: 0.964 Thread 0x000001ffae34d800 DEOPT PACKING pc=0x000001ffbe5a3a68 sp=0x00000050ca3fde70
Event: 0.964 Thread 0x000001ffae34d800 DEOPT UNPACKING pc=0x000001ffb6ada1af sp=0x00000050ca3fdd88 mode 2

Classes redefined (0 events):
No events

Internal exceptions (20 events):
Event: 0.959 Thread 0x000001ffae34d800 Exception <a 'sun/nio/fs/WindowsException'{0x0000000697de2e10}> (0x0000000697de2e10) thrown at [./src/hotspot/share/prims/jni.cpp, line 616]
Event: 0.959 Thread 0x000001ffae34d800 Exception <a 'sun/nio/fs/WindowsException'{0x0000000697de39b8}> (0x0000000697de39b8) thrown at [./src/hotspot/share/prims/jni.cpp, line 616]
Event: 0.959 Thread 0x000001ffae34d800 Exception <a 'sun/nio/fs/WindowsException'{0x0000000697de3fa8}> (0x0000000697de3fa8) thrown at [./src/hotspot/share/prims/jni.cpp, line 616]
Event: 0.959 Thread 0x000001ffae34d800 Exception <a 'sun/nio/fs/WindowsException'{0x0000000697de4768}> (0x0000000697de4768) thrown at [./src/hotspot/share/prims/jni.cpp, line 616]
Event: 0.959 Thread 0x000001ffae34d800 Exception <a 'sun/nio/fs/WindowsException'{0x0000000697de4d10}> (0x0000000697de4d10) thrown at [./src/hotspot/share/prims/jni.cpp, line 616]
Event: 0.959 Thread 0x000001ffae34d800 Exception <a 'sun/nio/fs/WindowsException'{0x0000000697de5510}> (0x0000000697de5510) thrown at [./src/hotspot/share/prims/jni.cpp, line 616]
Event: 0.959 Thread 0x000001ffae34d800 Exception <a 'sun/nio/fs/WindowsException'{0x0000000697de60b0}> (0x0000000697de60b0) thrown at [./src/hotspot/share/prims/jni.cpp, line 616]
Event: 0.959 Thread 0x000001ffae34d800 Exception <a 'sun/nio/fs/WindowsException'{0x0000000697de64c0}> (0x0000000697de64c0) thrown at [./src/hotspot/share/prims/jni.cpp, line 616]
Event: 0.959 Thread 0x000001ffae34d800 Exception <a 'sun/nio/fs/WindowsException'{0x0000000697de6d80}> (0x0000000697de6d80) thrown at [./src/hotspot/share/prims/jni.cpp, line 616]
Event: 0.959 Thread 0x000001ffae34d800 Exception <a 'sun/nio/fs/WindowsException'{0x0000000697de7568}> (0x0000000697de7568) thrown at [./src/hotspot/share/prims/jni.cpp, line 616]
Event: 0.959 Thread 0x000001ffae34d800 Exception <a 'sun/nio/fs/WindowsException'{0x0000000697de7b18}> (0x0000000697de7b18) thrown at [./src/hotspot/share/prims/jni.cpp, line 616]
Event: 0.960 Thread 0x000001ffae34d800 Exception <a 'sun/nio/fs/WindowsException'{0x0000000697de8330}> (0x0000000697de8330) thrown at [./src/hotspot/share/prims/jni.cpp, line 616]
Event: 0.960 Thread 0x000001ffae34d800 Exception <a 'sun/nio/fs/WindowsException'{0x0000000697de9080}> (0x0000000697de9080) thrown at [./src/hotspot/share/prims/jni.cpp, line 616]
Event: 0.960 Thread 0x000001ffae34d800 Exception <a 'sun/nio/fs/WindowsException'{0x0000000697de9480}> (0x0000000697de9480) thrown at [./src/hotspot/share/prims/jni.cpp, line 616]
Event: 0.960 Thread 0x000001ffae34d800 Exception <a 'sun/nio/fs/WindowsException'{0x0000000697de9d38}> (0x0000000697de9d38) thrown at [./src/hotspot/share/prims/jni.cpp, line 616]
Event: 0.960 Thread 0x000001ffae34d800 Exception <a 'sun/nio/fs/WindowsException'{0x0000000697dea4e8}> (0x0000000697dea4e8) thrown at [./src/hotspot/share/prims/jni.cpp, line 616]
Event: 0.960 Thread 0x000001ffae34d800 Exception <a 'sun/nio/fs/WindowsException'{0x0000000697deaa90}> (0x0000000697deaa90) thrown at [./src/hotspot/share/prims/jni.cpp, line 616]
Event: 0.960 Thread 0x000001ffae34d800 Exception <a 'sun/nio/fs/WindowsException'{0x0000000697deb288}> (0x0000000697deb288) thrown at [./src/hotspot/share/prims/jni.cpp, line 616]
Event: 0.961 Thread 0x000001ffae34d800 Exception <a 'sun/nio/fs/WindowsException'{0x0000000697debec0}> (0x0000000697debec0) thrown at [./src/hotspot/share/prims/jni.cpp, line 616]
Event: 0.961 Thread 0x000001ffae34d800 Exception <a 'sun/nio/fs/WindowsException'{0x0000000697dec2d0}> (0x0000000697dec2d0) thrown at [./src/hotspot/share/prims/jni.cpp, line 616]

Events (20 events):
Event: 0.944 loading class com/android/sdklib/repository/legacy/descriptors/PkgDesc$Builder$1
Event: 0.944 loading class com/android/sdklib/repository/legacy/descriptors/PkgDesc$Builder$1 done
Event: 0.944 loading class com/google/common/collect/AbstractMapBasedMultimap$WrappedCollection$WrappedIterator
Event: 0.944 loading class com/google/common/collect/AbstractMapBasedMultimap$WrappedCollection$WrappedIterator done
Event: 0.948 loading class com/android/sdklib/AndroidVersionHelper
Event: 0.948 loading class com/android/sdklib/AndroidVersionHelper done
Event: 0.949 loading class com/android/sdklib/AndroidVersion
Event: 0.949 loading class com/android/sdklib/AndroidVersion done
Event: 0.949 loading class com/android/sdklib/repository/legacy/local/LocalPlatformPkgInfo
Event: 0.949 loading class com/android/sdklib/repository/legacy/local/LocalPlatformPkgInfo done
Event: 0.949 loading class com/android/sdklib/repository/legacy/descriptors/PkgDesc$Builder$3
Event: 0.949 loading class com/android/sdklib/repository/legacy/descriptors/PkgDesc$Builder$3 done
Event: 0.949 loading class com/android/sdklib/AndroidTargetHash
Event: 0.949 loading class com/android/sdklib/AndroidTargetHash done
Event: 0.950 loading class com/google/common/collect/AbstractMapBasedMultimap$WrappedSet
Event: 0.950 loading class com/google/common/collect/AbstractMapBasedMultimap$WrappedSet done
Event: 0.960 loading class java/util/ComparableTimSort
Event: 0.960 loading class java/util/ComparableTimSort done
Event: 0.969 loading class jdk/internal/reflect/UnsafeBooleanFieldAccessorImpl
Event: 0.969 Executing VM operation: CollectForMetadataAllocation


Dynamic libraries:
0x00007ff7441e0000 - 0x00007ff7441ed000 	C:\Program Files\Unity Hub\Install\2022.3.24f1\Editor\Data\PlaybackEngines\AndroidPlayer\OpenJDK\bin\java.exe
0x00007ffe052d0000 - 0x00007ffe054c5000 	C:\Windows\SYSTEM32\ntdll.dll
0x00007ffe04ac0000 - 0x00007ffe04b7d000 	C:\Windows\System32\KERNEL32.DLL
0x00007ffe02de0000 - 0x00007ffe030a7000 	C:\Windows\System32\KERNELBASE.dll
0x00007ffe02c10000 - 0x00007ffe02d10000 	C:\Windows\System32\ucrtbase.dll
0x00007ffde8210000 - 0x00007ffde8227000 	C:\Program Files\Unity Hub\Install\2022.3.24f1\Editor\Data\PlaybackEngines\AndroidPlayer\OpenJDK\bin\jli.dll
0x00007ffde6e10000 - 0x00007ffde6e25000 	C:\Program Files\Unity Hub\Install\2022.3.24f1\Editor\Data\PlaybackEngines\AndroidPlayer\OpenJDK\bin\VCRUNTIME140.dll
0x00007ffe04b80000 - 0x00007ffe04d20000 	C:\Windows\System32\USER32.dll
0x00007ffe02db0000 - 0x00007ffe02dd2000 	C:\Windows\System32\win32u.dll
0x00007ffdf44a0000 - 0x00007ffdf473a000 	C:\Windows\WinSxS\amd64_microsoft.windows.common-controls_6595b64144ccf1df_6.0.19041.1_none_b555e41d4684ddec\COMCTL32.dll
0x00007ffe03bf0000 - 0x00007ffe03c1a000 	C:\Windows\System32\GDI32.dll
0x00007ffe02b00000 - 0x00007ffe02c0a000 	C:\Windows\System32\gdi32full.dll
0x00007ffe03b40000 - 0x00007ffe03bde000 	C:\Windows\System32\msvcrt.dll
0x00007ffe02d10000 - 0x00007ffe02dad000 	C:\Windows\System32\msvcp_win.dll
0x00007ffe05130000 - 0x00007ffe05160000 	C:\Windows\System32\IMM32.DLL
0x00007ffdcd2d0000 - 0x00007ffdcd36b000 	C:\Program Files\Unity Hub\Install\2022.3.24f1\Editor\Data\PlaybackEngines\AndroidPlayer\OpenJDK\bin\msvcp140.dll
0x00007ffd993b0000 - 0x00007ffd99f31000 	C:\Program Files\Unity Hub\Install\2022.3.24f1\Editor\Data\PlaybackEngines\AndroidPlayer\OpenJDK\bin\server\jvm.dll
0x00007ffe04e90000 - 0x00007ffe04f3a000 	C:\Windows\System32\ADVAPI32.dll
0x00007ffe04820000 - 0x00007ffe048bb000 	C:\Windows\System32\sechost.dll
0x00007ffe04990000 - 0x00007ffe04ab3000 	C:\Windows\System32\RPCRT4.dll
0x00007ffe04980000 - 0x00007ffe04988000 	C:\Windows\System32\PSAPI.DLL
0x00007ffdfbff0000 - 0x00007ffdfbff9000 	C:\Windows\SYSTEM32\WSOCK32.dll
0x00007ffe04d40000 - 0x00007ffe04dab000 	C:\Windows\System32\WS2_32.dll
0x00007ffdfcc40000 - 0x00007ffdfcc4a000 	C:\Windows\SYSTEM32\VERSION.dll
0x00007ffdf4ed0000 - 0x00007ffdf4ef7000 	C:\Windows\SYSTEM32\WINMM.dll
0x00007ffe009c0000 - 0x00007ffe009d3000 	C:\Windows\SYSTEM32\kernel.appcore.dll
0x00007ffde6e00000 - 0x00007ffde6e10000 	C:\Program Files\Unity Hub\Install\2022.3.24f1\Editor\Data\PlaybackEngines\AndroidPlayer\OpenJDK\bin\verify.dll
0x00007ffdf0e10000 - 0x00007ffdf0ff4000 	C:\Windows\SYSTEM32\DBGHELP.DLL
0x00007ffdef680000 - 0x00007ffdef6ac000 	C:\Windows\SYSTEM32\dbgcore.DLL
0x00007ffe032c0000 - 0x00007ffe0333f000 	C:\Windows\System32\bcryptPrimitives.dll
0x00007ffdcd2a0000 - 0x00007ffdcd2c8000 	C:\Program Files\Unity Hub\Install\2022.3.24f1\Editor\Data\PlaybackEngines\AndroidPlayer\OpenJDK\bin\java.dll
0x00007ffdd10a0000 - 0x00007ffdd10aa000 	C:\Program Files\Unity Hub\Install\2022.3.24f1\Editor\Data\PlaybackEngines\AndroidPlayer\OpenJDK\bin\jimage.dll
0x00007ffdd0b50000 - 0x00007ffdd0b68000 	C:\Program Files\Unity Hub\Install\2022.3.24f1\Editor\Data\PlaybackEngines\AndroidPlayer\OpenJDK\bin\zip.dll
0x00007ffe03cd0000 - 0x00007ffe04410000 	C:\Windows\System32\SHELL32.dll
0x00007ffe00bc0000 - 0x00007ffe01351000 	C:\Windows\SYSTEM32\windows.storage.dll
0x00007ffe04410000 - 0x00007ffe04763000 	C:\Windows\System32\combase.dll
0x00007ffe024a0000 - 0x00007ffe024cc000 	C:\Windows\SYSTEM32\Wldp.dll
0x00007ffe03c20000 - 0x00007ffe03cce000 	C:\Windows\System32\SHCORE.dll
0x00007ffe03ae0000 - 0x00007ffe03b35000 	C:\Windows\System32\shlwapi.dll
0x00007ffe02960000 - 0x00007ffe0297f000 	C:\Windows\SYSTEM32\profapi.dll
0x00007ffdd06e0000 - 0x00007ffdd06f9000 	C:\Program Files\Unity Hub\Install\2022.3.24f1\Editor\Data\PlaybackEngines\AndroidPlayer\OpenJDK\bin\net.dll
0x00007ffdfdac0000 - 0x00007ffdfdbc0000 	C:\Windows\SYSTEM32\WINHTTP.dll
0x00007ffe02220000 - 0x00007ffe0228a000 	C:\Windows\system32\mswsock.dll
0x00007ffdd0460000 - 0x00007ffdd0473000 	C:\Program Files\Unity Hub\Install\2022.3.24f1\Editor\Data\PlaybackEngines\AndroidPlayer\OpenJDK\bin\nio.dll

dbghelp: loaded successfully - version: 4.0.5 - missing functions: none
symbol engine: initialized successfully - sym options: 0x614 - pdb path: .;C:\Program Files\Unity Hub\Install\2022.3.24f1\Editor\Data\PlaybackEngines\AndroidPlayer\OpenJDK\bin;C:\Windows\SYSTEM32;C:\Windows\WinSxS\amd64_microsoft.windows.common-controls_6595b64144ccf1df_6.0.19041.1_none_b555e41d4684ddec;C:\Program Files\Unity Hub\Install\2022.3.24f1\Editor\Data\PlaybackEngines\AndroidPlayer\OpenJDK\bin\server

VM Arguments:
jvm_args: -Dfile.encoding=UTF-8 -Dcom.android.sdklib.toolsdir=C:\Program Files\Unity Hub\Install\2022.3.24f1\Editor\Data\PlaybackEngines\AndroidPlayer\SDK\cmdline-tools\6.0\bin\\.. 
java_command: com.android.sdklib.tool.sdkmanager.SdkManagerCli --list
java_class_path (initial): C:\Program Files\Unity Hub\Install\2022.3.24f1\Editor\Data\PlaybackEngines\AndroidPlayer\SDK\cmdline-tools\6.0\bin\..\lib\sdkmanager-classpath.jar
Launcher Type: SUN_STANDARD

[Global flags]
     intx CICompilerCount                          = 3                                         {product} {ergonomic}
     uint ConcGCThreads                            = 1                                         {product} {ergonomic}
     uint G1ConcRefinementThreads                  = 4                                         {product} {ergonomic}
   size_t G1HeapRegionSize                         = 1048576                                   {product} {ergonomic}
    uintx GCDrainStackTargetSize                   = 64                                        {product} {ergonomic}
   size_t InitialHeapSize                          = 402653184                                 {product} {ergonomic}
   size_t MarkStackSize                            = 4194304                                   {product} {ergonomic}
   size_t MaxHeapSize                              = 6431965184                                {product} {ergonomic}
   size_t MaxNewSize                               = 3858759680                                {product} {ergonomic}
   size_t MinHeapDeltaBytes                        = 1048576                                   {product} {ergonomic}
    uintx NonNMethodCodeHeapSize                   = 5830732                                {pd product} {ergonomic}
    uintx NonProfiledCodeHeapSize                  = 122913754                              {pd product} {ergonomic}
    uintx ProfiledCodeHeapSize                     = 122913754                              {pd product} {ergonomic}
    uintx ReservedCodeCacheSize                    = 251658240                              {pd product} {ergonomic}
     bool SegmentedCodeCache                       = true                                      {product} {ergonomic}
     bool UseCompressedClassPointers               = true                                 {lp64_product} {ergonomic}
     bool UseCompressedOops                        = true                                 {lp64_product} {ergonomic}
     bool UseG1GC                                  = true                                      {product} {ergonomic}
     bool UseLargePagesIndividualAllocation        = false                                  {pd product} {ergonomic}

Logging:
Log output configuration:
 #0: stdout all=warning uptime,level,tags
 #1: stderr all=off uptime,level,tags

Environment Variables:
JAVA_HOME=C:\Program Files\Unity Hub\Install\2022.3.24f1\Editor\Data\PlaybackEngines\AndroidPlayer\OpenJDK
JAVA_TOOL_OPTIONS=-Dfile.encoding=UTF-8
CLASSPATH=C:\Program Files\Unity Hub\Install\2022.3.24f1\Editor\Data\PlaybackEngines\AndroidPlayer\SDK\cmdline-tools\6.0\bin\..\lib\sdkmanager-classpath.jar
PATH=C:\Program Files (x86)\Common Files\Intel\Shared Libraries\redist\intel64\compiler;C:\Program Files (x86)\Common Files\Oracle\Java\javapath;C:\Program Files\Common Files\Oracle\Java\javapath;C:\Windows\system32;C:\Windows;C:\Windows\System32\Wbem;C:\Windows\System32\WindowsPowerShell\v1.0\;C:\Windows\System32\OpenSSH\;C:\Program Files (x86)\NVIDIA Corporation\PhysX\Common;C:\Program Files\NVIDIA Corporation\NVIDIA NvDLISR;C:\Program Files\Git\cmd;C:\Program Files\nodejs\;C:\ProgramData\chocolatey\bin;C:\Users\INDIA\AppData\Local\Programs\mongosh;C:\Users\INDIA\AppData\Local\Microsoft\WindowsApps;C:\Users\INDIA\AppData\Local\GitHubDesktop\bin;C:\Users\INDIA\AppData\Local\Programs\Microsoft VS Code\bin;C:\Users\INDIA\AppData\Roaming\npm;C:\Program Files\nodejs;C:\Users\INDIA\AppData\Local\Programs\mongosh\;C:\Users\INDIA\AppData\Local\Programs\mongosh;
USERNAME=INDIA
OS=Windows_NT
PROCESSOR_IDENTIFIER=Intel64 Family 6 Model 158 Stepping 9, GenuineIntel



---------------  S Y S T E M  ---------------

OS: Windows 10 , 64 bit Build 19041 (10.0.19041.292)
OS uptime: 1 days 12:57 hours

CPU:total 4 (initial active 4) (4 cores per cpu, 1 threads per core) family 6 model 158 stepping 9 microcode 0xb4, cmov, cx8, fxsr, mmx, sse, sse2, sse3, ssse3, sse4.1, sse4.2, popcnt, avx, avx2, aes, clmul, erms, 3dnowpref, lzcnt, tsc, tscinvbit, bmi1, bmi2, adx, fma

Memory: 4k page, system-wide physical 24535M (9652M free)
TotalPageFile size 26583M (AvailPageFile size 3M)
current process WorkingSet (physical memory assigned to process): 92M, peak: 92M
current process commit charge ("private bytes"): 488M, peak: 489M

vm_info: OpenJDK 64-Bit Server VM (11.0.14.1+1) for windows-amd64 JRE (11.0.14.1+1), built on Feb  9 2022 01:48:27 by "" with unknown MS VC++:1916

END.
