#
# There is insufficient memory for the Java Runtime Environment to continue.
# Native memory allocation (mmap) failed to map 402653184 bytes for Failed to commit area from 0x0000000680a00000 to 0x0000000698a00000 of length 402653184.
# Possible reasons:
#   The system is out of physical RAM or swap space
#   The process is running with CompressedOops enabled, and the Java Heap may be blocking the growth of the native heap
# Possible solutions:
#   Reduce memory load on the system
#   Increase physical memory or swap space
#   Check if swap backing store is full
#   Decrease Java heap size (-Xmx/-Xms)
#   Decrease number of Java threads
#   Decrease Java thread stack sizes (-Xss)
#   Set larger code cache with -XX:ReservedCodeCacheSize=
# This output file may be truncated or incomplete.
#
#  Out of Memory Error (./src/hotspot/os/windows/os_windows.cpp:3387), pid=26412, tid=30516
#
# JRE version:  (11.0.14.1+1) (build )
# Java VM: OpenJDK 64-Bit Server VM (11.0.14.1+1, mixed mode, sharing, tiered, compressed oops, g1 gc, windows-amd64)
# No core dump will be written. Minidumps are not enabled by default on client versions of Windows
#

---------------  S U M M A R Y ------------

Command Line: -Dfile.encoding=UTF-8 -Dcom.android.sdklib.toolsdir=C:\Program Files\Unity Hub\Install\2022.3.24f1\Editor\Data\PlaybackEngines\AndroidPlayer\SDK\cmdline-tools\6.0\bin\\.. com.android.sdklib.tool.sdkmanager.SdkManagerCli --list

Host: Intel(R) Core(TM) i5-7400 CPU @ 3.00GHz, 4 cores, 23G,  Windows 10 , 64 bit Build 19041 (10.0.19041.292)
Time: Fri Apr 12 14:00:22 2024 India Standard Time elapsed time: 0.025000 seconds (0d 0h 0m 0s)

---------------  T H R E A D  ---------------

Current thread (0x00000207da94e800):  JavaThread "Unknown thread" [_thread_in_vm, id=30516, stack(0x00000042c5100000,0x00000042c5200000)]

Stack: [0x00000042c5100000,0x00000042c5200000]
Native frames: (J=compiled Java code, j=interpreted, Vv=VM code, C=native code)
V  [jvm.dll+0x61e59a]
V  [jvm.dll+0x7aaca9]
V  [jvm.dll+0x7ac398]
V  [jvm.dll+0x7aca73]
V  [jvm.dll+0x24f9b8]
V  [jvm.dll+0x61b83a]
V  [jvm.dll+0x6100c5]
V  [jvm.dll+0x30772c]
V  [jvm.dll+0x3075b2]
V  [jvm.dll+0x30c2d6]
V  [jvm.dll+0x35272f]
V  [jvm.dll+0x352160]
V  [jvm.dll+0x2e4728]
V  [jvm.dll+0x2e5886]
V  [jvm.dll+0x784b07]
V  [jvm.dll+0x78628f]
V  [jvm.dll+0x35f479]
V  [jvm.dll+0x767aa0]
V  [jvm.dll+0x3ccf1f]
V  [jvm.dll+0x3cf2b1]
C  [jli.dll+0x5207]
C  [ucrtbase.dll+0x21542]
C  [KERNEL32.DLL+0x16fd4]
C  [ntdll.dll+0x4cec1]


---------------  P R O C E S S  ---------------

Threads class SMR info:
_java_thread_list=0x00000207d8784950, length=0, elements={
}

Java Threads: ( => current thread )

Other Threads:
  0x00000207da966800 GCTaskThread "GC Thread#0" [stack: 0x00000042c5200000,0x00000042c5300000] [id=30544]
  0x00000207da9ec800 ConcurrentGCThread "G1 Main Marker" [stack: 0x00000042c5300000,0x00000042c5400000] [id=29544]
  0x00000207da9ef000 ConcurrentGCThread "G1 Conc#0" [stack: 0x00000042c5400000,0x00000042c5500000] [id=26660]

[error occurred during error reporting (printing all threads), id 0xc0000005, EXCEPTION_ACCESS_VIOLATION (0xc0000005) at pc=0x00007ffd996a3ef7]

VM state:not at safepoint (not fully initialized)

VM Mutex/Monitor currently owned by a thread:  ([mutex/lock_event])
[0x00000207da94af00] Heap_lock - owner thread: 0x00000207da94e800

Heap address: 0x0000000680a00000, size: 6134 MB, Compressed Oops mode: Non-zero based: 0x0000000680a00000
Narrow klass base: 0x0000000000000000, Narrow klass shift: 0

GC Heap History (0 events):
No events

Deoptimization events (0 events):
No events

Classes redefined (0 events):
No events

Internal exceptions (0 events):
No events

Events (1 events):
Event: 0.013 Loaded shared library C:\Program Files\Unity Hub\Install\2022.3.24f1\Editor\Data\PlaybackEngines\AndroidPlayer\OpenJDK\bin\zip.dll


Dynamic libraries:
0x00007ff7441e0000 - 0x00007ff7441ed000 	C:\Program Files\Unity Hub\Install\2022.3.24f1\Editor\Data\PlaybackEngines\AndroidPlayer\OpenJDK\bin\java.exe
0x00007ffe052d0000 - 0x00007ffe054c5000 	C:\Windows\SYSTEM32\ntdll.dll
0x00007ffe04ac0000 - 0x00007ffe04b7d000 	C:\Windows\System32\KERNEL32.DLL
0x00007ffe02de0000 - 0x00007ffe030a7000 	C:\Windows\System32\KERNELBASE.dll
0x00007ffe02c10000 - 0x00007ffe02d10000 	C:\Windows\System32\ucrtbase.dll
0x00007ffde8210000 - 0x00007ffde8227000 	C:\Program Files\Unity Hub\Install\2022.3.24f1\Editor\Data\PlaybackEngines\AndroidPlayer\OpenJDK\bin\jli.dll
0x00007ffe04b80000 - 0x00007ffe04d20000 	C:\Windows\System32\USER32.dll
0x00007ffe02db0000 - 0x00007ffe02dd2000 	C:\Windows\System32\win32u.dll
0x00007ffe03bf0000 - 0x00007ffe03c1a000 	C:\Windows\System32\GDI32.dll
0x00007ffe02b00000 - 0x00007ffe02c0a000 	C:\Windows\System32\gdi32full.dll
0x00007ffe02d10000 - 0x00007ffe02dad000 	C:\Windows\System32\msvcp_win.dll
0x00007ffde6e10000 - 0x00007ffde6e25000 	C:\Program Files\Unity Hub\Install\2022.3.24f1\Editor\Data\PlaybackEngines\AndroidPlayer\OpenJDK\bin\VCRUNTIME140.dll
0x00007ffdf44a0000 - 0x00007ffdf473a000 	C:\Windows\WinSxS\amd64_microsoft.windows.common-controls_6595b64144ccf1df_6.0.19041.1_none_b555e41d4684ddec\COMCTL32.dll
0x00007ffe03b40000 - 0x00007ffe03bde000 	C:\Windows\System32\msvcrt.dll
0x00007ffe05130000 - 0x00007ffe05160000 	C:\Windows\System32\IMM32.DLL
0x00007ffd9f890000 - 0x00007ffd9f92b000 	C:\Program Files\Unity Hub\Install\2022.3.24f1\Editor\Data\PlaybackEngines\AndroidPlayer\OpenJDK\bin\msvcp140.dll
0x00007ffd993b0000 - 0x00007ffd99f31000 	C:\Program Files\Unity Hub\Install\2022.3.24f1\Editor\Data\PlaybackEngines\AndroidPlayer\OpenJDK\bin\server\jvm.dll
0x00007ffe04e90000 - 0x00007ffe04f3a000 	C:\Windows\System32\ADVAPI32.dll
0x00007ffe04820000 - 0x00007ffe048bb000 	C:\Windows\System32\sechost.dll
0x00007ffe04990000 - 0x00007ffe04ab3000 	C:\Windows\System32\RPCRT4.dll
0x00007ffe04980000 - 0x00007ffe04988000 	C:\Windows\System32\PSAPI.DLL
0x00007ffdfbff0000 - 0x00007ffdfbff9000 	C:\Windows\SYSTEM32\WSOCK32.dll
0x00007ffe04d40000 - 0x00007ffe04dab000 	C:\Windows\System32\WS2_32.dll
0x00007ffdf4ed0000 - 0x00007ffdf4ef7000 	C:\Windows\SYSTEM32\WINMM.dll
0x00007ffdfcc40000 - 0x00007ffdfcc4a000 	C:\Windows\SYSTEM32\VERSION.dll
0x00007ffe009c0000 - 0x00007ffe009d3000 	C:\Windows\SYSTEM32\kernel.appcore.dll
0x00007ffde6e00000 - 0x00007ffde6e10000 	C:\Program Files\Unity Hub\Install\2022.3.24f1\Editor\Data\PlaybackEngines\AndroidPlayer\OpenJDK\bin\verify.dll
0x00007ffdf0e10000 - 0x00007ffdf0ff4000 	C:\Windows\SYSTEM32\DBGHELP.DLL
0x00007ffdef680000 - 0x00007ffdef6ac000 	C:\Windows\SYSTEM32\dbgcore.DLL
0x00007ffe032c0000 - 0x00007ffe0333f000 	C:\Windows\System32\bcryptPrimitives.dll
0x00007ffdcd2b0000 - 0x00007ffdcd2d8000 	C:\Program Files\Unity Hub\Install\2022.3.24f1\Editor\Data\PlaybackEngines\AndroidPlayer\OpenJDK\bin\java.dll
0x00007ffdd10a0000 - 0x00007ffdd10aa000 	C:\Program Files\Unity Hub\Install\2022.3.24f1\Editor\Data\PlaybackEngines\AndroidPlayer\OpenJDK\bin\jimage.dll
0x00007ffdd0b50000 - 0x00007ffdd0b68000 	C:\Program Files\Unity Hub\Install\2022.3.24f1\Editor\Data\PlaybackEngines\AndroidPlayer\OpenJDK\bin\zip.dll

dbghelp: loaded successfully - version: 4.0.5 - missing functions: none
symbol engine: initialized successfully - sym options: 0x614 - pdb path: .;C:\Program Files\Unity Hub\Install\2022.3.24f1\Editor\Data\PlaybackEngines\AndroidPlayer\OpenJDK\bin;C:\Windows\SYSTEM32;C:\Windows\WinSxS\amd64_microsoft.windows.common-controls_6595b64144ccf1df_6.0.19041.1_none_b555e41d4684ddec;C:\Program Files\Unity Hub\Install\2022.3.24f1\Editor\Data\PlaybackEngines\AndroidPlayer\OpenJDK\bin\server

VM Arguments:
jvm_args: -Dfile.encoding=UTF-8 -Dcom.android.sdklib.toolsdir=C:\Program Files\Unity Hub\Install\2022.3.24f1\Editor\Data\PlaybackEngines\AndroidPlayer\SDK\cmdline-tools\6.0\bin\\.. 
java_command: com.android.sdklib.tool.sdkmanager.SdkManagerCli --list
java_class_path (initial): C:\Program Files\Unity Hub\Install\2022.3.24f1\Editor\Data\PlaybackEngines\AndroidPlayer\SDK\cmdline-tools\6.0\bin\..\lib\sdkmanager-classpath.jar
Launcher Type: SUN_STANDARD

[Global flags]
     intx CICompilerCount                          = 3                                         {product} {ergonomic}
     uint ConcGCThreads                            = 1                                         {product} {ergonomic}
     uint G1ConcRefinementThreads                  = 4                                         {product} {ergonomic}
   size_t G1HeapRegionSize                         = 1048576                                   {product} {ergonomic}
    uintx GCDrainStackTargetSize                   = 64                                        {product} {ergonomic}
   size_t InitialHeapSize                          = 402653184                                 {product} {ergonomic}
   size_t MarkStackSize                            = 4194304                                   {product} {ergonomic}
   size_t MaxHeapSize                              = 6431965184                                {product} {ergonomic}
   size_t MinHeapDeltaBytes                        = 1048576                                   {product} {ergonomic}
    uintx NonNMethodCodeHeapSize                   = 5830732                                {pd product} {ergonomic}
    uintx NonProfiledCodeHeapSize                  = 122913754                              {pd product} {ergonomic}
    uintx ProfiledCodeHeapSize                     = 122913754                              {pd product} {ergonomic}
    uintx ReservedCodeCacheSize                    = 251658240                              {pd product} {ergonomic}
     bool SegmentedCodeCache                       = true                                      {product} {ergonomic}
     bool UseCompressedClassPointers               = true                                 {lp64_product} {ergonomic}
     bool UseCompressedOops                        = true                                 {lp64_product} {ergonomic}
     bool UseG1GC                                  = true                                      {product} {ergonomic}
     bool UseLargePagesIndividualAllocation        = false                                  {pd product} {ergonomic}

Logging:
Log output configuration:
 #0: stdout all=warning uptime,level,tags
 #1: stderr all=off uptime,level,tags

Environment Variables:
JAVA_HOME=C:\Program Files\Unity Hub\Install\2022.3.24f1\Editor\Data\PlaybackEngines\AndroidPlayer\OpenJDK
JAVA_TOOL_OPTIONS=-Dfile.encoding=UTF-8
CLASSPATH=C:\Program Files\Unity Hub\Install\2022.3.24f1\Editor\Data\PlaybackEngines\AndroidPlayer\SDK\cmdline-tools\6.0\bin\..\lib\sdkmanager-classpath.jar
PATH=C:\Program Files (x86)\Common Files\Intel\Shared Libraries\redist\intel64\compiler;C:\Program Files (x86)\Common Files\Oracle\Java\javapath;C:\Program Files\Common Files\Oracle\Java\javapath;C:\Windows\system32;C:\Windows;C:\Windows\System32\Wbem;C:\Windows\System32\WindowsPowerShell\v1.0\;C:\Windows\System32\OpenSSH\;C:\Program Files (x86)\NVIDIA Corporation\PhysX\Common;C:\Program Files\NVIDIA Corporation\NVIDIA NvDLISR;C:\Program Files\Git\cmd;C:\Program Files\nodejs\;C:\ProgramData\chocolatey\bin;C:\Users\INDIA\AppData\Local\Programs\mongosh;C:\Users\INDIA\AppData\Local\Microsoft\WindowsApps;C:\Users\INDIA\AppData\Local\GitHubDesktop\bin;C:\Users\INDIA\AppData\Local\Programs\Microsoft VS Code\bin;C:\Users\INDIA\AppData\Roaming\npm;C:\Program Files\nodejs;C:\Users\INDIA\AppData\Local\Programs\mongosh\;C:\Users\INDIA\AppData\Local\Programs\mongosh;
USERNAME=INDIA
OS=Windows_NT
PROCESSOR_IDENTIFIER=Intel64 Family 6 Model 158 Stepping 9, GenuineIntel



---------------  S Y S T E M  ---------------

OS: Windows 10 , 64 bit Build 19041 (10.0.19041.292)
OS uptime: 1 days 12:56 hours

CPU:total 4 (initial active 4) (4 cores per cpu, 1 threads per core) family 6 model 158 stepping 9 microcode 0xb4, cmov, cx8, fxsr, mmx, sse, sse2, sse3, ssse3, sse4.1, sse4.2, popcnt, avx, avx2, aes, clmul, erms, 3dnowpref, lzcnt, tsc, tscinvbit, bmi1, bmi2, adx, fma

Memory: 4k page, system-wide physical 24535M (9666M free)
TotalPageFile size 26583M (AvailPageFile size 209M)
current process WorkingSet (physical memory assigned to process): 10M, peak: 10M
current process commit charge ("private bytes"): 52M, peak: 436M

vm_info: OpenJDK 64-Bit Server VM (11.0.14.1+1) for windows-amd64 JRE (11.0.14.1+1), built on Feb  9 2022 01:48:27 by "" with unknown MS VC++:1916

END.
